#
# There is insufficient memory for the Java Runtime Environment to continue.
# Native memory allocation (malloc) failed to allocate 1228336 bytes for Chunk::new
# Possible reasons:
#   The system is out of physical RAM or swap space
#   In 32 bit mode, the process size limit was hit
# Possible solutions:
#   Reduce memory load on the system
#   Increase physical memory or swap space
#   Check if swap backing store is full
#   Use 64 bit Java on a 64 bit OS
#   Decrease Java heap size (-Xmx/-Xms)
#   Decrease number of Java threads
#   Decrease Java thread stack sizes (-Xss)
#   Set larger code cache with -XX:ReservedCodeCacheSize=
# This output file may be truncated or incomplete.
#
#  Out of Memory Error (allocation.cpp:390), pid=11288, tid=9640
#
# JRE version: Java(TM) SE Runtime Environment (8.0_25-b18) (build 1.8.0_25-b18)
# Java VM: Java HotSpot(TM) 64-Bit Server VM (25.25-b02 mixed mode windows-amd64 compressed oops)
# Failed to write core dump. Minidumps are not enabled by default on client versions of Windows
#

---------------  T H R E A D  ---------------

Current thread (0x0000000016ceb000):  JavaThread "C2 CompilerThread1" daemon [_thread_in_native, id=9640, stack(0x00000000183f0000,0x00000000184f0000)]

Stack: [0x00000000183f0000,0x00000000184f0000]
Native frames: (J=compiled Java code, j=interpreted, Vv=VM code, C=native code)
V  [jvm.dll+0x31667a]
V  [jvm.dll+0x267073]
V  [jvm.dll+0x267cb3]
V  [jvm.dll+0x25f5b5]
V  [jvm.dll+0xbf165]
V  [jvm.dll+0xbf60c]
V  [jvm.dll+0x478fbc]
V  [jvm.dll+0x4463eb]
V  [jvm.dll+0x45130e]
V  [jvm.dll+0x4538f8]
V  [jvm.dll+0x437372]
V  [jvm.dll+0x98a02]
V  [jvm.dll+0x991f3]
V  [jvm.dll+0x22bde4]
V  [jvm.dll+0x2852fa]
C  [msvcr100.dll+0x21d9f]
C  [msvcr100.dll+0x21e3b]
C  [KERNEL32.DLL+0x12784]
C  [ntdll.dll+0x70d51]


Current CompileTask:
C2:   9024 4836       4       groovy.lang.MetaClassImpl::checkIfStdMethod (178 bytes)


---------------  P R O C E S S  ---------------

Java Threads: ( => current thread )
  0x000000001c8de800 JavaThread "Memory manager" [_thread_blocked, id=9056, stack(0x000000001ffb0000,0x00000000200b0000)]
  0x0000000019d72800 JavaThread "build operations Thread 4" [_thread_blocked, id=11028, stack(0x000000001fab0000,0x000000001fbb0000)]
  0x0000000019d77000 JavaThread "build operations Thread 3" [_thread_blocked, id=3604, stack(0x000000001f9b0000,0x000000001fab0000)]
  0x0000000019d78800 JavaThread "build operations Thread 2" [_thread_blocked, id=5860, stack(0x000000001f8b0000,0x000000001f9b0000)]
  0x0000000019d77800 JavaThread "build operations" [_thread_blocked, id=816, stack(0x000000001f1b0000,0x000000001f2b0000)]
  0x0000000019d74800 JavaThread "Cache worker for Artifact transforms cache (F:\Android\Cache\.gradle\caches\transforms-1)" [_thread_blocked, id=2256, stack(0x000000001d800000,0x000000001d900000)]
  0x0000000019d76000 JavaThread "Cache worker for file hash cache (F:\TestPro2\.gradle\4.1\fileHashes)" [_thread_blocked, id=5984, stack(0x000000001b560000,0x000000001b660000)]
  0x0000000019d74000 JavaThread "File lock request listener" [_thread_in_native, id=9732, stack(0x000000001b260000,0x000000001b360000)]
  0x0000000019d87800 JavaThread "Cache worker for file hash cache (F:\Android\Cache\.gradle\caches\4.1\fileHashes)" [_thread_blocked, id=8584, stack(0x000000001b160000,0x000000001b260000)]
  0x0000000019a77800 JavaThread "Stdin handler" [_thread_blocked, id=10828, stack(0x000000001b060000,0x000000001b160000)]
  0x0000000019b29800 JavaThread "Asynchronous log dispatcher for DefaultDaemonConnection: socket connection from /127.0.0.1:61379 to /127.0.0.1:61380" [_thread_blocked, id=7280, stack(0x000000001af60000,0x000000001b060000)]
  0x0000000019bbe800 JavaThread "Daemon worker" [_thread_in_native, id=7308, stack(0x000000001ae60000,0x000000001af60000)]
  0x0000000019af8800 JavaThread "Cancel handler" [_thread_blocked, id=1068, stack(0x000000001ad60000,0x000000001ae60000)]
  0x0000000019cb5800 JavaThread "Handler for socket connection from /127.0.0.1:61379 to /127.0.0.1:61380" [_thread_in_native, id=13288, stack(0x000000001aa60000,0x000000001ab60000)]
  0x0000000019d9d000 JavaThread "Daemon" [_thread_blocked, id=7328, stack(0x000000001a960000,0x000000001aa60000)]
  0x0000000019c4c000 JavaThread "Daemon periodic checks" [_thread_blocked, id=9084, stack(0x000000001a860000,0x000000001a960000)]
  0x0000000019c44000 JavaThread "Incoming local TCP Connector on port 61379" [_thread_in_native, id=14204, stack(0x000000001a6c0000,0x000000001a7c0000)]
  0x0000000019e10000 JavaThread "Daemon health stats" [_thread_blocked, id=4832, stack(0x000000001a3c0000,0x000000001a4c0000)]
  0x0000000018576000 JavaThread "Service Thread" daemon [_thread_blocked, id=11552, stack(0x00000000189f0000,0x0000000018af0000)]
  0x00000000184f3000 JavaThread "C1 CompilerThread2" daemon [_thread_blocked, id=12624, stack(0x00000000188f0000,0x00000000189f0000)]
=>0x0000000016ceb000 JavaThread "C2 CompilerThread1" daemon [_thread_in_native, id=9640, stack(0x00000000183f0000,0x00000000184f0000)]
  0x0000000016c9e800 JavaThread "C2 CompilerThread0" daemon [_thread_in_vm, id=7564, stack(0x00000000182f0000,0x00000000183f0000)]
  0x0000000016c9e000 JavaThread "Attach Listener" daemon [_thread_blocked, id=3052, stack(0x00000000181f0000,0x00000000182f0000)]
  0x0000000016c9d000 JavaThread "Signal Dispatcher" daemon [_thread_blocked, id=3704, stack(0x00000000180f0000,0x00000000181f0000)]
  0x0000000003315800 JavaThread "Finalizer" daemon [_thread_blocked, id=9672, stack(0x0000000017ef0000,0x0000000017ff0000)]
  0x000000000330d000 JavaThread "Reference Handler" daemon [_thread_blocked, id=4180, stack(0x0000000017df0000,0x0000000017ef0000)]
  0x000000000127d800 JavaThread "main" [_thread_blocked, id=6452, stack(0x0000000002d20000,0x0000000002e20000)]

Other Threads:
  0x0000000016c56000 VMThread [stack: 0x0000000017cf0000,0x0000000017df0000] [id=6232]
  0x0000000018582800 WatcherThread [stack: 0x0000000018af0000,0x0000000018bf0000] [id=680]

VM state:not at safepoint (normal execution)

VM Mutex/Monitor currently owned by a thread: None

Heap:
 PSYoungGen      total 231936K, used 128146K [0x00000000e0000000, 0x00000000efb00000, 0x0000000100000000)
  eden space 219648K, 58% used [0x00000000e0000000,0x00000000e7d24a88,0x00000000ed680000)
  from space 12288K, 0% used [0x00000000ee300000,0x00000000ee300000,0x00000000eef00000)
  to   space 12800K, 0% used [0x00000000ed680000,0x00000000ed680000,0x00000000ee300000)
 ParOldGen       total 69632K, used 15762K [0x00000000a0000000, 0x00000000a4400000, 0x00000000e0000000)
  object space 69632K, 22% used [0x00000000a0000000,0x00000000a0f64bf8,0x00000000a4400000)
 Metaspace       used 42257K, capacity 43156K, committed 43480K, reserved 1087488K
  class space    used 5788K, capacity 6053K, committed 6144K, reserved 1048576K

Card table byte_map: [0x00000000126e0000,0x00000000129f0000] byte_map_base: 0x00000000121e0000

Marking Bits: (ParMarkBitMap*) 0x00000000767ed490
 Begin Bits: [0x0000000012ff0000, 0x00000000147f0000)
 End Bits:   [0x00000000147f0000, 0x0000000015ff0000)

Polling page: 0x0000000000df0000

CodeCache: size=245760Kb used=15206Kb max_used=15250Kb free=230553Kb
 bounds [0x0000000003320000, 0x0000000004220000, 0x0000000012320000]
 total_blobs=5098 nmethods=4377 adapters=634
 compilation: enabled

Compilation events (10 events):
Event: 8.939 Thread 0x00000000184f3000 4871       3       java.security.CodeSource::equals (60 bytes)
Event: 8.939 Thread 0x00000000184f3000 nmethod 4871 0x00000000041db6d0 code [0x00000000041db880, 0x00000000041dc058]
Event: 8.939 Thread 0x00000000184f3000 4872       3       java.security.CodeSource::matchCerts (254 bytes)
Event: 8.940 Thread 0x00000000184f3000 nmethod 4872 0x00000000041dc210 code [0x00000000041dc420, 0x00000000041dcf98]
Event: 8.943 Thread 0x00000000184f3000 4873       3       java.util.regex.Pattern$BitClass::add (97 bytes)
Event: 8.944 Thread 0x00000000184f3000 nmethod 4873 0x00000000041dd4d0 code [0x00000000041dd6e0, 0x00000000041de058]
Event: 8.949 Thread 0x00000000184f3000 4874       3       java.util.regex.Pattern$Curly::study (153 bytes)
Event: 8.949 Thread 0x00000000184f3000 nmethod 4874 0x00000000041de550 code [0x00000000041de6e0, 0x00000000041dec98]
Event: 8.981 Thread 0x00000000184f3000 4875       3       sun.invoke.util.BytecodeDescriptor::unparse (18 bytes)
Event: 8.981 Thread 0x00000000184f3000 nmethod 4875 0x00000000041dee50 code [0x00000000041defe0, 0x00000000041df4d8]

GC Heap History (10 events):
Event: 3.439 GC heap before
{Heap before GC invocations=6 (full 1):
 PSYoungGen      total 71680K, used 5116K [0x00000000e0000000, 0x00000000e9700000, 0x0000000100000000)
  eden space 66560K, 0% used [0x00000000e0000000,0x00000000e0000000,0x00000000e4100000)
  from space 5120K, 99% used [0x00000000e4100000,0x00000000e45ff080,0x00000000e4600000)
  to   space 10752K, 0% used [0x00000000e8c80000,0x00000000e8c80000,0x00000000e9700000)
 ParOldGen       total 87552K, used 8281K [0x00000000a0000000, 0x00000000a5580000, 0x00000000e0000000)
  object space 87552K, 9% used [0x00000000a0000000,0x00000000a08167a0,0x00000000a5580000)
 Metaspace       used 20640K, capacity 21078K, committed 21248K, reserved 1067008K
  class space    used 2923K, capacity 3030K, committed 3072K, reserved 1048576K
Event: 3.473 GC heap after
Heap after GC invocations=6 (full 1):
 PSYoungGen      total 71680K, used 0K [0x00000000e0000000, 0x00000000e9700000, 0x0000000100000000)
  eden space 66560K, 0% used [0x00000000e0000000,0x00000000e0000000,0x00000000e4100000)
  from space 5120K, 0% used [0x00000000e4100000,0x00000000e4100000,0x00000000e4600000)
  to   space 10752K, 0% used [0x00000000e8c80000,0x00000000e8c80000,0x00000000e9700000)
 ParOldGen       total 50176K, used 6554K [0x00000000a0000000, 0x00000000a3100000, 0x00000000e0000000)
  object space 50176K, 13% used [0x00000000a0000000,0x00000000a06669a0,0x00000000a3100000)
 Metaspace       used 20638K, capacity 21076K, committed 21248K, reserved 1067008K
  class space    used 2922K, capacity 3029K, committed 3072K, reserved 1048576K
}
Event: 4.241 GC heap before
{Heap before GC invocations=7 (full 1):
 PSYoungGen      total 71680K, used 66560K [0x00000000e0000000, 0x00000000e9700000, 0x0000000100000000)
  eden space 66560K, 100% used [0x00000000e0000000,0x00000000e4100000,0x00000000e4100000)
  from space 5120K, 0% used [0x00000000e4100000,0x00000000e4100000,0x00000000e4600000)
  to   space 10752K, 0% used [0x00000000e8c80000,0x00000000e8c80000,0x00000000e9700000)
 ParOldGen       total 50176K, used 6554K [0x00000000a0000000, 0x00000000a3100000, 0x00000000e0000000)
  object space 50176K, 13% used [0x00000000a0000000,0x00000000a06669a0,0x00000000a3100000)
 Metaspace       used 25096K, capacity 25656K, committed 25984K, reserved 1071104K
  class space    used 3550K, capacity 3691K, committed 3712K, reserved 1048576K
Event: 4.247 GC heap after
Heap after GC invocations=7 (full 1):
 PSYoungGen      total 130048K, used 7328K [0x00000000e0000000, 0x00000000e9400000, 0x0000000100000000)
  eden space 122368K, 0% used [0x00000000e0000000,0x00000000e0000000,0x00000000e7780000)
  from space 7680K, 95% used [0x00000000e8c80000,0x00000000e93a8278,0x00000000e9400000)
  to   space 10752K, 0% used [0x00000000e7f00000,0x00000000e7f00000,0x00000000e8980000)
 ParOldGen       total 50176K, used 6562K [0x00000000a0000000, 0x00000000a3100000, 0x00000000e0000000)
  object space 50176K, 13% used [0x00000000a0000000,0x00000000a06689a0,0x00000000a3100000)
 Metaspace       used 25096K, capacity 25656K, committed 25984K, reserved 1071104K
  class space    used 3550K, capacity 3691K, committed 3712K, reserved 1048576K
}
Event: 7.342 GC heap before
{Heap before GC invocations=8 (full 1):
 PSYoungGen      total 130048K, used 129696K [0x00000000e0000000, 0x00000000e9400000, 0x0000000100000000)
  eden space 122368K, 100% used [0x00000000e0000000,0x00000000e7780000,0x00000000e7780000)
  from space 7680K, 95% used [0x00000000e8c80000,0x00000000e93a8278,0x00000000e9400000)
  to   space 10752K, 0% used [0x00000000e7f00000,0x00000000e7f00000,0x00000000e8980000)
 ParOldGen       total 50176K, used 6562K [0x00000000a0000000, 0x00000000a3100000, 0x00000000e0000000)
  object space 50176K, 13% used [0x00000000a0000000,0x00000000a06689a0,0x00000000a3100000)
 Metaspace       used 31390K, capacity 31886K, committed 32256K, reserved 1077248K
  class space    used 4364K, capacity 4486K, committed 4608K, reserved 1048576K
Event: 7.352 GC heap after
Heap after GC invocations=8 (full 1):
 PSYoungGen      total 140800K, used 10747K [0x00000000e0000000, 0x00000000eef00000, 0x0000000100000000)
  eden space 130048K, 0% used [0x00000000e0000000,0x00000000e0000000,0x00000000e7f00000)
  from space 10752K, 99% used [0x00000000e7f00000,0x00000000e897ecc8,0x00000000e8980000)
  to   space 12288K, 0% used [0x00000000ee300000,0x00000000ee300000,0x00000000eef00000)
 ParOldGen       total 50176K, used 6842K [0x00000000a0000000, 0x00000000a3100000, 0x00000000e0000000)
  object space 50176K, 13% used [0x00000000a0000000,0x00000000a06aeb80,0x00000000a3100000)
 Metaspace       used 31390K, capacity 31886K, committed 32256K, reserved 1077248K
  class space    used 4364K, capacity 4486K, committed 4608K, reserved 1048576K
}
Event: 7.634 GC heap before
{Heap before GC invocations=9 (full 1):
 PSYoungGen      total 140800K, used 28086K [0x00000000e0000000, 0x00000000eef00000, 0x0000000100000000)
  eden space 130048K, 13% used [0x00000000e0000000,0x00000000e10eecd8,0x00000000e7f00000)
  from space 10752K, 99% used [0x00000000e7f00000,0x00000000e897ecc8,0x00000000e8980000)
  to   space 12288K, 0% used [0x00000000ee300000,0x00000000ee300000,0x00000000eef00000)
 ParOldGen       total 50176K, used 6842K [0x00000000a0000000, 0x00000000a3100000, 0x00000000e0000000)
  object space 50176K, 13% used [0x00000000a0000000,0x00000000a06aeb80,0x00000000a3100000)
 Metaspace       used 34547K, capacity 35198K, committed 35416K, reserved 1079296K
  class space    used 4791K, capacity 4981K, committed 4992K, reserved 1048576K
Event: 7.641 GC heap after
Heap after GC invocations=9 (full 1):
 PSYoungGen      total 231936K, used 9444K [0x00000000e0000000, 0x00000000efb00000, 0x0000000100000000)
  eden space 219648K, 0% used [0x00000000e0000000,0x00000000e0000000,0x00000000ed680000)
  from space 12288K, 76% used [0x00000000ee300000,0x00000000eec39108,0x00000000eef00000)
  to   space 12800K, 0% used [0x00000000ed680000,0x00000000ed680000,0x00000000ee300000)
 ParOldGen       total 50176K, used 6850K [0x00000000a0000000, 0x00000000a3100000, 0x00000000e0000000)
  object space 50176K, 13% used [0x00000000a0000000,0x00000000a06b0b80,0x00000000a3100000)
 Metaspace       used 34547K, capacity 35198K, committed 35416K, reserved 1079296K
  class space    used 4791K, capacity 4981K, committed 4992K, reserved 1048576K
}
Event: 7.641 GC heap before
{Heap before GC invocations=10 (full 2):
 PSYoungGen      total 231936K, used 9444K [0x00000000e0000000, 0x00000000efb00000, 0x0000000100000000)
  eden space 219648K, 0% used [0x00000000e0000000,0x00000000e0000000,0x00000000ed680000)
  from space 12288K, 76% used [0x00000000ee300000,0x00000000eec39108,0x00000000eef00000)
  to   space 12800K, 0% used [0x00000000ed680000,0x00000000ed680000,0x00000000ee300000)
 ParOldGen       total 50176K, used 6850K [0x00000000a0000000, 0x00000000a3100000, 0x00000000e0000000)
  object space 50176K, 13% used [0x00000000a0000000,0x00000000a06b0b80,0x00000000a3100000)
 Metaspace       used 34547K, capacity 35198K, committed 35416K, reserved 1079296K
  class space    used 4791K, capacity 4981K, committed 4992K, reserved 1048576K
Event: 7.719 GC heap after
Heap after GC invocations=10 (full 2):
 PSYoungGen      total 231936K, used 0K [0x00000000e0000000, 0x00000000efb00000, 0x0000000100000000)
  eden space 219648K, 0% used [0x00000000e0000000,0x00000000e0000000,0x00000000ed680000)
  from space 12288K, 0% used [0x00000000ee300000,0x00000000ee300000,0x00000000eef00000)
  to   space 12800K, 0% used [0x00000000ed680000,0x00000000ed680000,0x00000000ee300000)
 ParOldGen       total 69632K, used 15762K [0x00000000a0000000, 0x00000000a4400000, 0x00000000e0000000)
  object space 69632K, 22% used [0x00000000a0000000,0x00000000a0f64bf8,0x00000000a4400000)
 Metaspace       used 34547K, capacity 35198K, committed 35416K, reserved 1079296K
  class space    used 4791K, capacity 4981K, committed 4992K, reserved 1048576K
}

Deoptimization events (10 events):
Event: 8.317 Thread 0x0000000019bbe800 Uncommon trap: reason=unreached action=reinterpret pc=0x0000000003ade5ec method=java.security.CodeSource.getCertificates()[Ljava/security/cert/Certificate; @ 22
Event: 8.318 Thread 0x0000000019bbe800 Uncommon trap: reason=class_check action=maybe_recompile pc=0x00000000035d91a4 method=java.util.jar.JarFile.getJarEntry(Ljava/lang/String;)Ljava/util/jar/JarEntry; @ 2
Event: 8.318 Thread 0x0000000019bbe800 Uncommon trap: reason=class_check action=maybe_recompile pc=0x00000000035d91a4 method=java.util.jar.JarFile.getJarEntry(Ljava/lang/String;)Ljava/util/jar/JarEntry; @ 2
Event: 8.319 Thread 0x0000000019bbe800 Uncommon trap: reason=class_check action=maybe_recompile pc=0x00000000035d91a4 method=java.util.jar.JarFile.getJarEntry(Ljava/lang/String;)Ljava/util/jar/JarEntry; @ 2
Event: 8.379 Thread 0x0000000019bbe800 Uncommon trap: reason=unreached action=reinterpret pc=0x0000000004097b30 method=org.gradle.internal.reflect.PropertyAccessorType.of(Ljava/lang/reflect/Method;)Lorg/gradle/internal/reflect/PropertyAccessorType; @ 56
Event: 8.534 Thread 0x0000000019bbe800 Uncommon trap: reason=bimorphic action=maybe_recompile pc=0x00000000040f85d0 method=java.util.Hashtable.get(Ljava/lang/Object;)Ljava/lang/Object; @ 45
Event: 8.536 Thread 0x0000000019bbe800 Uncommon trap: reason=bimorphic action=maybe_recompile pc=0x00000000040f85d0 method=java.util.Hashtable.get(Ljava/lang/Object;)Ljava/lang/Object; @ 45
Event: 8.536 Thread 0x0000000019bbe800 Uncommon trap: reason=bimorphic action=maybe_recompile pc=0x00000000040f85d0 method=java.util.Hashtable.get(Ljava/lang/Object;)Ljava/lang/Object; @ 45
Event: 8.543 Thread 0x0000000019bbe800 Uncommon trap: reason=unreached action=reinterpret pc=0x0000000003463e58 method=java.security.CodeSource.matchCerts(Ljava/security/CodeSource;Z)Z @ 11
Event: 8.568 Thread 0x0000000019bbe800 Uncommon trap: reason=bimorphic action=maybe_recompile pc=0x00000000040f85d0 method=java.util.Hashtable.get(Ljava/lang/Object;)Ljava/lang/Object; @ 45

Internal exceptions (10 events):
Event: 8.981 Thread 0x0000000019bbe800 Exception <a 'java/security/PrivilegedActionException'> (0x00000000e7aeb170) thrown at [D:\re\workspace\8-2-build-windows-amd64-cygwin\jdk8u25\1677\hotspot\src\share\vm\prims\jvm.cpp, line 1312]
Event: 8.982 Thread 0x0000000019bbe800 Exception <a 'java/security/PrivilegedActionException'> (0x00000000e7af4370) thrown at [D:\re\workspace\8-2-build-windows-amd64-cygwin\jdk8u25\1677\hotspot\src\share\vm\prims\jvm.cpp, line 1312]
Event: 8.983 Thread 0x0000000019bbe800 Exception <a 'java/security/PrivilegedActionException'> (0x00000000e7b0e1e0) thrown at [D:\re\workspace\8-2-build-windows-amd64-cygwin\jdk8u25\1677\hotspot\src\share\vm\prims\jvm.cpp, line 1312]
Event: 8.983 Thread 0x0000000019bbe800 Exception <a 'java/security/PrivilegedActionException'> (0x00000000e7b16d38) thrown at [D:\re\workspace\8-2-build-windows-amd64-cygwin\jdk8u25\1677\hotspot\src\share\vm\prims\jvm.cpp, line 1312]
Event: 8.984 Thread 0x0000000019bbe800 Exception <a 'java/security/PrivilegedActionException'> (0x00000000e7b1e1a0) thrown at [D:\re\workspace\8-2-build-windows-amd64-cygwin\jdk8u25\1677\hotspot\src\share\vm\prims\jvm.cpp, line 1312]
Event: 8.984 Thread 0x0000000019bbe800 Exception <a 'java/security/PrivilegedActionException'> (0x00000000e7b25a78) thrown at [D:\re\workspace\8-2-build-windows-amd64-cygwin\jdk8u25\1677\hotspot\src\share\vm\prims\jvm.cpp, line 1312]
Event: 8.984 Thread 0x0000000019bbe800 Exception <a 'java/security/PrivilegedActionException'> (0x00000000e7b2cbc8) thrown at [D:\re\workspace\8-2-build-windows-amd64-cygwin\jdk8u25\1677\hotspot\src\share\vm\prims\jvm.cpp, line 1312]
Event: 8.984 Thread 0x0000000019bbe800 Exception <a 'java/security/PrivilegedActionException'> (0x00000000e7b33da0) thrown at [D:\re\workspace\8-2-build-windows-amd64-cygwin\jdk8u25\1677\hotspot\src\share\vm\prims\jvm.cpp, line 1312]
Event: 8.984 Thread 0x0000000019bbe800 Exception <a 'java/security/PrivilegedActionException'> (0x00000000e7b3b310) thrown at [D:\re\workspace\8-2-build-windows-amd64-cygwin\jdk8u25\1677\hotspot\src\share\vm\prims\jvm.cpp, line 1312]
Event: 8.986 Thread 0x0000000019bbe800 Exception <a 'java/security/PrivilegedActionException'> (0x00000000e7b44ad8) thrown at [D:\re\workspace\8-2-build-windows-amd64-cygwin\jdk8u25\1677\hotspot\src\share\vm\prims\jvm.cpp, line 1312]

Events (10 events):
Event: 8.984 loading class com/android/sdklib/repository/legacy/local/LocalDocPkgInfo
Event: 8.984 loading class com/android/sdklib/repository/legacy/local/LocalDocPkgInfo done
Event: 8.984 loading class com/android/sdklib/repository/legacy/local/LocalNdkPkgInfo
Event: 8.984 loading class com/android/sdklib/repository/legacy/local/LocalNdkPkgInfo done
Event: 8.984 loading class com/android/sdklib/repository/legacy/local/LocalLLDBPkgInfo
Event: 8.984 loading class com/android/sdklib/repository/legacy/local/LocalLLDBPkgInfo done
Event: 8.984 loading class com/android/sdklib/repository/legacy/descriptors/PkgType
Event: 8.984 loading class com/android/sdklib/repository/legacy/descriptors/PkgType done
Event: 8.986 loading class com/android/sdklib/AndroidVersion$AndroidVersionException
Event: 8.986 loading class com/android/sdklib/AndroidVersion$AndroidVersionException done


Dynamic libraries:
0x00007ff697230000 - 0x00007ff697264000 	C:\Program Files\Java\jdk1.8.0_25\bin\java.exe
0x00007ffb83130000 - 0x00007ffb8330b000 	C:\WINDOWS\SYSTEM32\ntdll.dll
0x00007ffb82b50000 - 0x00007ffb82bfe000 	C:\WINDOWS\System32\KERNEL32.DLL
0x00007ffb7fc00000 - 0x00007ffb7fe49000 	C:\WINDOWS\System32\KERNELBASE.dll
0x00007ffb81000000 - 0x00007ffb810a1000 	C:\WINDOWS\System32\ADVAPI32.dll
0x00007ffb82c30000 - 0x00007ffb82ccd000 	C:\WINDOWS\System32\msvcrt.dll
0x00007ffb82d30000 - 0x00007ffb82d89000 	C:\WINDOWS\System32\sechost.dll
0x00007ffb80b70000 - 0x00007ffb80c95000 	C:\WINDOWS\System32\RPCRT4.dll
0x00007ffb825c0000 - 0x00007ffb8270a000 	C:\WINDOWS\System32\USER32.dll
0x00007ffb80670000 - 0x00007ffb8068e000 	C:\WINDOWS\System32\win32u.dll
0x00007ffb80950000 - 0x00007ffb80977000 	C:\WINDOWS\System32\GDI32.dll
0x00007ffb7f9d0000 - 0x00007ffb7fb57000 	C:\WINDOWS\System32\gdi32full.dll
0x00007ffb7fb60000 - 0x00007ffb7fbfa000 	C:\WINDOWS\System32\msvcp_win.dll
0x00007ffb7f8d0000 - 0x00007ffb7f9c6000 	C:\WINDOWS\System32\ucrtbase.dll
0x00007ffb6cbe0000 - 0x00007ffb6ce47000 	C:\WINDOWS\WinSxS\amd64_microsoft.windows.common-controls_6595b64144ccf1df_6.0.15063.1058_none_40c74ded29a7bebd\COMCTL32.dll
0x00007ffb82d90000 - 0x00007ffb83089000 	C:\WINDOWS\System32\combase.dll
0x00007ffb7fe50000 - 0x00007ffb7feba000 	C:\WINDOWS\System32\bcryptPrimitives.dll
0x00007ffb82c00000 - 0x00007ffb82c2d000 	C:\WINDOWS\System32\IMM32.DLL
0x0000000077860000 - 0x0000000077932000 	C:\Program Files\Java\jdk1.8.0_25\jre\bin\msvcr100.dll
0x0000000076010000 - 0x000000007686a000 	C:\Program Files\Java\jdk1.8.0_25\jre\bin\server\jvm.dll
0x00007ffb80af0000 - 0x00007ffb80af8000 	C:\WINDOWS\System32\PSAPI.DLL
0x00007ffb7c990000 - 0x00007ffb7c999000 	C:\WINDOWS\SYSTEM32\WSOCK32.dll
0x00007ffb80b00000 - 0x00007ffb80b6c000 	C:\WINDOWS\System32\WS2_32.dll
0x00007ffb72c50000 - 0x00007ffb72c73000 	C:\WINDOWS\SYSTEM32\WINMM.dll
0x00007ffb72bf0000 - 0x00007ffb72c1b000 	C:\WINDOWS\SYSTEM32\WINMMBASE.dll
0x00007ffb7f6b0000 - 0x00007ffb7f6f9000 	C:\WINDOWS\System32\cfgmgr32.dll
0x0000000050000000 - 0x000000005000f000 	C:\Program Files\Java\jdk1.8.0_25\jre\bin\verify.dll
0x0000000077830000 - 0x0000000077858000 	C:\Program Files\Java\jdk1.8.0_25\jre\bin\java.dll
0x0000000077810000 - 0x0000000077826000 	C:\Program Files\Java\jdk1.8.0_25\jre\bin\zip.dll
0x00007ffb810d0000 - 0x00007ffb82508000 	C:\WINDOWS\System32\SHELL32.dll
0x00007ffb82510000 - 0x00007ffb825ba000 	C:\WINDOWS\System32\shcore.dll
0x00007ffb7ff70000 - 0x00007ffb80661000 	C:\WINDOWS\System32\windows.storage.dll
0x00007ffb80710000 - 0x00007ffb80761000 	C:\WINDOWS\System32\shlwapi.dll
0x00007ffb7f5e0000 - 0x00007ffb7f5f1000 	C:\WINDOWS\System32\kernel.appcore.dll
0x00007ffb7f600000 - 0x00007ffb7f64c000 	C:\WINDOWS\System32\powrprof.dll
0x00007ffb7f5a0000 - 0x00007ffb7f5b5000 	C:\WINDOWS\System32\profapi.dll
0x00000000777f0000 - 0x000000007780a000 	C:\Program Files\Java\jdk1.8.0_25\jre\bin\net.dll
0x00007ffb7eeb0000 - 0x00007ffb7ef0c000 	C:\WINDOWS\system32\mswsock.dll
0x00000000777d0000 - 0x00000000777e1000 	C:\Program Files\Java\jdk1.8.0_25\jre\bin\nio.dll
0x00007ffb6c2d0000 - 0x00007ffb6c2ee000 	F:\Android\Cache\.gradle\native\25\windows-amd64\native-platform.dll
0x00000000777c0000 - 0x00000000777cd000 	C:\Program Files\Java\jdk1.8.0_25\jre\bin\management.dll
0x00007ffb7f050000 - 0x00007ffb7f067000 	C:\WINDOWS\SYSTEM32\CRYPTSP.dll
0x00007ffb7ead0000 - 0x00007ffb7eb04000 	C:\WINDOWS\system32\rsaenh.dll
0x00007ffb7f160000 - 0x00007ffb7f185000 	C:\WINDOWS\SYSTEM32\bcrypt.dll
0x00007ffb7f4a0000 - 0x00007ffb7f4c9000 	C:\WINDOWS\SYSTEM32\USERENV.dll
0x00007ffb7f070000 - 0x00007ffb7f07b000 	C:\WINDOWS\SYSTEM32\CRYPTBASE.dll
0x00007ffb7ec50000 - 0x00007ffb7ec87000 	C:\WINDOWS\SYSTEM32\IPHLPAPI.DLL
0x00007ffb80ca0000 - 0x00007ffb80ca8000 	C:\WINDOWS\System32\NSI.dll
0x00007ffb747e0000 - 0x00007ffb747f6000 	C:\WINDOWS\SYSTEM32\dhcpcsvc6.DLL
0x00007ffb746e0000 - 0x00007ffb746fa000 	C:\WINDOWS\SYSTEM32\dhcpcsvc.DLL
0x00007ffb66d20000 - 0x00007ffb66ec9000 	C:\WINDOWS\SYSTEM32\dbghelp.dll

VM Arguments:
jvm_args: -Xmx1536m -Dfile.encoding=GBK -Duser.country=CN -Duser.language=zh -Duser.variant 
java_command: org.gradle.launcher.daemon.bootstrap.GradleDaemon 4.1
java_class_path (initial): F:\Android\Cache\.gradle\wrapper\dists\gradle-4.1-all\bzyivzo6n839fup2jbap0tjew\gradle-4.1\lib\gradle-launcher-4.1.jar
Launcher Type: SUN_STANDARD

Environment Variables:
JAVA_HOME=C:\Program Files\Java\jdk1.8.0_25\
CLASSPATH=F:\AspectJ\aspectj1.9\lib\aspectjrt.jar
PATH=C:\ProgramData\Oracle\Java\javapath;C:\windows\system32;C:\windows;C:\windows\System32\Wbem;C:\windows\System32\WindowsPowerShell\v1.0\;C:\Program Files\Java\jdk1.8.0_25\\bin;C:\Program Files\Java\jdk1.8.0_25\\jre\bin;C:\Program Files (x86)\NVIDIA Corporation\PhysX\Common;C:\Program Files\TortoiseSVN\bin;C:\Program Files (x86)\Subversion\bin;F:\Android\sdk\platform-tools;D:\Python27;D:\Python27\Scripts;C:\WINDOWS\System32;C:\WINDOWS;C:\WINDOWSsystem32WBEM;C:\WINDOWS\system32;C:\WINDOWS;C:\WINDOWS\System32\Wbem;C:\WINDOWS\System32\WindowsPowerShell\v1.0\;C:\Program Files\nodejs\;D:\Groovy-2.5.0\bin;D:\Program Files\Git\cmd;D:\Gradle\gradle-4.8.1-all\gradle-4.8.1\bin;F:\Android\SDk\build-tools\27.0.2;D:\Program Files\CMake\bin;F:\AspectJ\aspectj1.9\bin;d:\Program Files (x86)\010 Editor;C:\Users\hua\AppData\Local\Microsoft\WindowsApps;C:\Users\hua\AppData\Roaming\npm;D:\Gradle\gradle-4.8.1-all\gradle-4.8.1\bin;
USERNAME=hua
OS=Windows_NT
PROCESSOR_IDENTIFIER=Intel64 Family 6 Model 94 Stepping 3, GenuineIntel



---------------  S Y S T E M  ---------------

OS: Windows 8.1 , 64 bit Build 9600 

CPU:total 4 (4 cores per cpu, 1 threads per core) family 6 model 94 stepping 3, cmov, cx8, fxsr, mmx, sse, sse2, sse3, ssse3, sse4.1, sse4.2, popcnt, avx, avx2, aes, clmul, erms, rtm, lzcnt, tsc, tscinvbit, bmi1, bmi2

Memory: 4k page, physical 8266660k(1569100k free), swap 12460964k(11744k free)

vm_info: Java HotSpot(TM) 64-Bit Server VM (25.25-b02) for windows-amd64 JRE (1.8.0_25-b18), built on Oct  7 2014 14:25:37 by "java_re" with MS VC++ 10.0 (VS2010)

time: Sun Dec 16 18:57:15 2018
elapsed time: 9 seconds (0d 0h 0m 9s)

