#
# There is insufficient memory for the Java Runtime Environment to continue.
# Native memory allocation (malloc) failed to allocate 1697424 bytes for Chunk::new
# Possible reasons:
#   The system is out of physical RAM or swap space
#   In 32 bit mode, the process size limit was hit
# Possible solutions:
#   Reduce memory load on the system
#   Increase physical memory or swap space
#   Check if swap backing store is full
#   Use 64 bit Java on a 64 bit OS
#   Decrease Java heap size (-Xmx/-Xms)
#   Decrease number of Java threads
#   Decrease Java thread stack sizes (-Xss)
#   Set larger code cache with -XX:ReservedCodeCacheSize=
# This output file may be truncated or incomplete.
#
#  Out of Memory Error (allocation.cpp:390), pid=4928, tid=13484
#
# JRE version: Java(TM) SE Runtime Environment (8.0_25-b18) (build 1.8.0_25-b18)
# Java VM: Java HotSpot(TM) 64-Bit Server VM (25.25-b02 mixed mode windows-amd64 compressed oops)
# Failed to write core dump. Minidumps are not enabled by default on client versions of Windows
#

---------------  T H R E A D  ---------------

Current thread (0x00000000167bf000):  JavaThread "C2 CompilerThread0" daemon [_thread_in_native, id=13484, stack(0x0000000017d10000,0x0000000017e10000)]

Stack: [0x0000000017d10000,0x0000000017e10000]
Native frames: (J=compiled Java code, j=interpreted, Vv=VM code, C=native code)
V  [jvm.dll+0x31667a]
V  [jvm.dll+0x267073]
V  [jvm.dll+0x267cb3]
V  [jvm.dll+0x25f5b5]
V  [jvm.dll+0xbf165]
V  [jvm.dll+0xbf60c]
V  [jvm.dll+0x44af32]
V  [jvm.dll+0x4c06e5]
V  [jvm.dll+0x4c131f]
V  [jvm.dll+0x451121]
V  [jvm.dll+0x4538f8]
V  [jvm.dll+0x437372]
V  [jvm.dll+0x98a02]
V  [jvm.dll+0x991f3]
V  [jvm.dll+0x22bde4]
V  [jvm.dll+0x2852fa]
C  [msvcr100.dll+0x21d9f]
C  [msvcr100.dll+0x21e3b]
C  [KERNEL32.DLL+0x12784]
C  [ntdll.dll+0x70d51]


Current CompileTask:
C2:   7379 4719       4       sun.reflect.generics.parser.SignatureParser::parseFieldTypeSignature (73 bytes)


---------------  P R O C E S S  ---------------

Java Threads: ( => current thread )
  0x0000000019bce000 JavaThread "Memory manager" [_thread_blocked, id=10368, stack(0x000000001fa70000,0x000000001fb70000)]
  0x0000000019619800 JavaThread "build operations Thread 4" [_thread_blocked, id=1564, stack(0x000000001f570000,0x000000001f670000)]
  0x000000001961f000 JavaThread "build operations Thread 3" [_thread_blocked, id=5080, stack(0x000000001f470000,0x000000001f570000)]
  0x000000001961e000 JavaThread "build operations Thread 2" [_thread_blocked, id=4176, stack(0x000000001f370000,0x000000001f470000)]
  0x000000001961b800 JavaThread "build operations" [_thread_blocked, id=13268, stack(0x000000001e640000,0x000000001e740000)]
  0x000000001961a000 JavaThread "Cache worker for Artifact transforms cache (F:\Android\Cache\.gradle\caches\transforms-1)" [_thread_blocked, id=11712, stack(0x000000001e540000,0x000000001e640000)]
  0x000000001961b000 JavaThread "Cache worker for file hash cache (F:\TestPro2\.gradle\4.1\fileHashes)" [_thread_blocked, id=11424, stack(0x000000001beb0000,0x000000001bfb0000)]
  0x000000001961d800 JavaThread "File lock request listener" [_thread_in_native, id=7492, stack(0x000000001abe0000,0x000000001ace0000)]
  0x0000000019391000 JavaThread "Cache worker for file hash cache (F:\Android\Cache\.gradle\caches\4.1\fileHashes)" [_thread_blocked, id=3172, stack(0x000000001aae0000,0x000000001abe0000)]
  0x00000000193c3800 JavaThread "Stdin handler" [_thread_blocked, id=13252, stack(0x000000001a9e0000,0x000000001aae0000)]
  0x00000000197a6800 JavaThread "Asynchronous log dispatcher for DefaultDaemonConnection: socket connection from /127.0.0.1:61355 to /127.0.0.1:61356" [_thread_blocked, id=7260, stack(0x000000001a8e0000,0x000000001a9e0000)]
  0x000000001923f000 JavaThread "Daemon worker" [_thread_in_vm, id=7220, stack(0x000000001a7e0000,0x000000001a8e0000)]
  0x000000001923d800 JavaThread "Cancel handler" [_thread_blocked, id=6200, stack(0x000000001a6e0000,0x000000001a7e0000)]
  0x000000001928a800 JavaThread "Handler for socket connection from /127.0.0.1:61355 to /127.0.0.1:61356" [_thread_in_native, id=6680, stack(0x000000001a3e0000,0x000000001a4e0000)]
  0x0000000019289800 JavaThread "Daemon" [_thread_blocked, id=12532, stack(0x000000001a2e0000,0x000000001a3e0000)]
  0x00000000194ba000 JavaThread "Daemon periodic checks" [_thread_blocked, id=9372, stack(0x000000001a1e0000,0x000000001a2e0000)]
  0x000000001957e800 JavaThread "Incoming local TCP Connector on port 61355" [_thread_in_native, id=13072, stack(0x000000001a0e0000,0x000000001a1e0000)]
  0x00000000192ff000 JavaThread "Daemon health stats" [_thread_blocked, id=9760, stack(0x0000000019de0000,0x0000000019ee0000)]
  0x0000000017f96800 JavaThread "Service Thread" daemon [_thread_blocked, id=9656, stack(0x0000000018410000,0x0000000018510000)]
  0x0000000017f13800 JavaThread "C1 CompilerThread2" daemon [_thread_blocked, id=12752, stack(0x0000000018310000,0x0000000018410000)]
  0x000000001680b800 JavaThread "C2 CompilerThread1" daemon [_thread_in_native, id=1268, stack(0x0000000017e10000,0x0000000017f10000)]
=>0x00000000167bf000 JavaThread "C2 CompilerThread0" daemon [_thread_in_native, id=13484, stack(0x0000000017d10000,0x0000000017e10000)]
  0x00000000167bd800 JavaThread "Attach Listener" daemon [_thread_blocked, id=1156, stack(0x0000000017c10000,0x0000000017d10000)]
  0x00000000167a8800 JavaThread "Signal Dispatcher" daemon [_thread_blocked, id=7272, stack(0x0000000017b10000,0x0000000017c10000)]
  0x0000000002e36000 JavaThread "Finalizer" daemon [_thread_blocked, id=13944, stack(0x0000000017a10000,0x0000000017b10000)]
  0x0000000002e2d000 JavaThread "Reference Handler" daemon [_thread_blocked, id=8736, stack(0x0000000017910000,0x0000000017a10000)]
  0x0000000002c3d800 JavaThread "main" [_thread_blocked, id=10332, stack(0x0000000002c40000,0x0000000002d40000)]

Other Threads:
  0x0000000016776800 VMThread [stack: 0x0000000017810000,0x0000000017910000] [id=6192]
  0x0000000017f9b800 WatcherThread [stack: 0x0000000018510000,0x0000000018610000] [id=13112]

VM state:not at safepoint (normal execution)

VM Mutex/Monitor currently owned by a thread: None

Heap:
 PSYoungGen      total 235520K, used 126314K [0x00000000e0000000, 0x00000000efc80000, 0x0000000100000000)
  eden space 223232K, 56% used [0x00000000e0000000,0x00000000e7b5aba8,0x00000000eda00000)
  from space 12288K, 0% used [0x00000000ee680000,0x00000000ee680000,0x00000000ef280000)
  to   space 12800K, 0% used [0x00000000eda00000,0x00000000eda00000,0x00000000ee680000)
 ParOldGen       total 69120K, used 15553K [0x00000000a0000000, 0x00000000a4380000, 0x00000000e0000000)
  object space 69120K, 22% used [0x00000000a0000000,0x00000000a0f30718,0x00000000a4380000)
 Metaspace       used 41681K, capacity 42556K, committed 42840K, reserved 1085440K
  class space    used 5699K, capacity 5983K, committed 6016K, reserved 1048576K

Card table byte_map: [0x0000000012200000,0x0000000012510000] byte_map_base: 0x0000000011d00000

Marking Bits: (ParMarkBitMap*) 0x00000000767ed490
 Begin Bits: [0x0000000012b10000, 0x0000000014310000)
 End Bits:   [0x0000000014310000, 0x0000000015b10000)

Polling page: 0x0000000000bf0000

CodeCache: size=245760Kb used=14674Kb max_used=14674Kb free=231085Kb
 bounds [0x0000000002e40000, 0x0000000003cb0000, 0x0000000011e40000]
 total_blobs=5039 nmethods=4321 adapters=631
 compilation: enabled

Compilation events (10 events):
Event: 7.324 Thread 0x0000000017f13800 4760       3       org.codehaus.groovy.reflection.ClassInfo$LazyCachedClassRef::initValue (21 bytes)
Event: 7.324 Thread 0x0000000017f13800 nmethod 4760 0x0000000003c96cd0 code [0x0000000003c96e40, 0x0000000003c971c8]
Event: 7.324 Thread 0x0000000017f13800 4761       3       org.codehaus.groovy.reflection.CachedClass$4::initValue (5 bytes)
Event: 7.324 Thread 0x0000000017f13800 nmethod 4761 0x0000000003c97310 code [0x0000000003c97480, 0x0000000003c97628]
Event: 7.326 Thread 0x0000000017f13800 4762       3       org.codehaus.groovy.runtime.metaclass.MetaMethodIndex$Header::<init> (26 bytes)
Event: 7.326 Thread 0x0000000017f13800 nmethod 4762 0x0000000003c976d0 code [0x0000000003c97840, 0x0000000003c97ae8]
Event: 7.329 Thread 0x0000000017f13800 4763       3       org.codehaus.groovy.reflection.stdclasses.CachedSAMClass::isAssignableFrom (30 bytes)
Event: 7.329 Thread 0x0000000017f13800 nmethod 4763 0x0000000003c97c10 code [0x0000000003c97da0, 0x0000000003c98278]
Event: 7.341 Thread 0x0000000017f13800 4764       1       org.codehaus.groovy.runtime.callsite.AbstractCallSite::getIndex (5 bytes)
Event: 7.341 Thread 0x0000000017f13800 nmethod 4764 0x0000000003c98390 code [0x0000000003c984e0, 0x0000000003c985f0]

GC Heap History (10 events):
Event: 3.267 GC heap before
{Heap before GC invocations=6 (full 1):
 PSYoungGen      total 71680K, used 5100K [0x00000000e0000000, 0x00000000e9700000, 0x0000000100000000)
  eden space 66560K, 0% used [0x00000000e0000000,0x00000000e0000000,0x00000000e4100000)
  from space 5120K, 99% used [0x00000000e4100000,0x00000000e45fb070,0x00000000e4600000)
  to   space 10752K, 0% used [0x00000000e8c80000,0x00000000e8c80000,0x00000000e9700000)
 ParOldGen       total 87552K, used 8270K [0x00000000a0000000, 0x00000000a5580000, 0x00000000e0000000)
  object space 87552K, 9% used [0x00000000a0000000,0x00000000a0813b50,0x00000000a5580000)
 Metaspace       used 20639K, capacity 21078K, committed 21248K, reserved 1067008K
  class space    used 2923K, capacity 3030K, committed 3072K, reserved 1048576K
Event: 3.313 GC heap after
Heap after GC invocations=6 (full 1):
 PSYoungGen      total 71680K, used 0K [0x00000000e0000000, 0x00000000e9700000, 0x0000000100000000)
  eden space 66560K, 0% used [0x00000000e0000000,0x00000000e0000000,0x00000000e4100000)
  from space 5120K, 0% used [0x00000000e4100000,0x00000000e4100000,0x00000000e4600000)
  to   space 10752K, 0% used [0x00000000e8c80000,0x00000000e8c80000,0x00000000e9700000)
 ParOldGen       total 52736K, used 9597K [0x00000000a0000000, 0x00000000a3380000, 0x00000000e0000000)
  object space 52736K, 18% used [0x00000000a0000000,0x00000000a095f530,0x00000000a3380000)
 Metaspace       used 20638K, capacity 21076K, committed 21248K, reserved 1067008K
  class space    used 2922K, capacity 3029K, committed 3072K, reserved 1048576K
}
Event: 4.101 GC heap before
{Heap before GC invocations=7 (full 1):
 PSYoungGen      total 71680K, used 66127K [0x00000000e0000000, 0x00000000e9700000, 0x0000000100000000)
  eden space 66560K, 99% used [0x00000000e0000000,0x00000000e4093db8,0x00000000e4100000)
  from space 5120K, 0% used [0x00000000e4100000,0x00000000e4100000,0x00000000e4600000)
  to   space 10752K, 0% used [0x00000000e8c80000,0x00000000e8c80000,0x00000000e9700000)
 ParOldGen       total 52736K, used 9597K [0x00000000a0000000, 0x00000000a3380000, 0x00000000e0000000)
  object space 52736K, 18% used [0x00000000a0000000,0x00000000a095f530,0x00000000a3380000)
 Metaspace       used 25098K, capacity 25656K, committed 25984K, reserved 1071104K
  class space    used 3550K, capacity 3691K, committed 3712K, reserved 1048576K
Event: 4.114 GC heap after
Heap after GC invocations=7 (full 1):
 PSYoungGen      total 131072K, used 7278K [0x00000000e0000000, 0x00000000e9400000, 0x0000000100000000)
  eden space 123392K, 0% used [0x00000000e0000000,0x00000000e0000000,0x00000000e7880000)
  from space 7680K, 94% used [0x00000000e8c80000,0x00000000e939b900,0x00000000e9400000)
  to   space 10752K, 0% used [0x00000000e7f00000,0x00000000e7f00000,0x00000000e8980000)
 ParOldGen       total 52736K, used 9605K [0x00000000a0000000, 0x00000000a3380000, 0x00000000e0000000)
  object space 52736K, 18% used [0x00000000a0000000,0x00000000a0961530,0x00000000a3380000)
 Metaspace       used 25098K, capacity 25656K, committed 25984K, reserved 1071104K
  class space    used 3550K, capacity 3691K, committed 3712K, reserved 1048576K
}
Event: 5.646 GC heap before
{Heap before GC invocations=8 (full 1):
 PSYoungGen      total 131072K, used 130670K [0x00000000e0000000, 0x00000000e9400000, 0x0000000100000000)
  eden space 123392K, 100% used [0x00000000e0000000,0x00000000e7880000,0x00000000e7880000)
  from space 7680K, 94% used [0x00000000e8c80000,0x00000000e939b900,0x00000000e9400000)
  to   space 10752K, 0% used [0x00000000e7f00000,0x00000000e7f00000,0x00000000e8980000)
 ParOldGen       total 52736K, used 9605K [0x00000000a0000000, 0x00000000a3380000, 0x00000000e0000000)
  object space 52736K, 18% used [0x00000000a0000000,0x00000000a0961530,0x00000000a3380000)
 Metaspace       used 31656K, capacity 32222K, committed 32512K, reserved 1077248K
  class space    used 4395K, capacity 4558K, committed 4608K, reserved 1048576K
Event: 5.657 GC heap after
Heap after GC invocations=8 (full 1):
 PSYoungGen      total 140800K, used 10736K [0x00000000e0000000, 0x00000000ef280000, 0x0000000100000000)
  eden space 130048K, 0% used [0x00000000e0000000,0x00000000e0000000,0x00000000e7f00000)
  from space 10752K, 99% used [0x00000000e7f00000,0x00000000e897c3b0,0x00000000e8980000)
  to   space 12288K, 0% used [0x00000000ee680000,0x00000000ee680000,0x00000000ef280000)
 ParOldGen       total 52736K, used 10128K [0x00000000a0000000, 0x00000000a3380000, 0x00000000e0000000)
  object space 52736K, 19% used [0x00000000a0000000,0x00000000a09e4258,0x00000000a3380000)
 Metaspace       used 31656K, capacity 32222K, committed 32512K, reserved 1077248K
  class space    used 4395K, capacity 4558K, committed 4608K, reserved 1048576K
}
Event: 5.934 GC heap before
{Heap before GC invocations=9 (full 1):
 PSYoungGen      total 140800K, used 26003K [0x00000000e0000000, 0x00000000ef280000, 0x0000000100000000)
  eden space 130048K, 11% used [0x00000000e0000000,0x00000000e0ee8bd0,0x00000000e7f00000)
  from space 10752K, 99% used [0x00000000e7f00000,0x00000000e897c3b0,0x00000000e8980000)
  to   space 12288K, 0% used [0x00000000ee680000,0x00000000ee680000,0x00000000ef280000)
 ParOldGen       total 52736K, used 10128K [0x00000000a0000000, 0x00000000a3380000, 0x00000000e0000000)
  object space 52736K, 19% used [0x00000000a0000000,0x00000000a09e4258,0x00000000a3380000)
 Metaspace       used 34537K, capacity 35212K, committed 35416K, reserved 1079296K
  class space    used 4795K, capacity 4986K, committed 4992K, reserved 1048576K
Event: 5.942 GC heap after
Heap after GC invocations=9 (full 1):
 PSYoungGen      total 235520K, used 9277K [0x00000000e0000000, 0x00000000efc80000, 0x0000000100000000)
  eden space 223232K, 0% used [0x00000000e0000000,0x00000000e0000000,0x00000000eda00000)
  from space 12288K, 75% used [0x00000000ee680000,0x00000000eef8f420,0x00000000ef280000)
  to   space 12800K, 0% used [0x00000000eda00000,0x00000000eda00000,0x00000000ee680000)
 ParOldGen       total 52736K, used 10136K [0x00000000a0000000, 0x00000000a3380000, 0x00000000e0000000)
  object space 52736K, 19% used [0x00000000a0000000,0x00000000a09e6258,0x00000000a3380000)
 Metaspace       used 34537K, capacity 35212K, committed 35416K, reserved 1079296K
  class space    used 4795K, capacity 4986K, committed 4992K, reserved 1048576K
}
Event: 5.942 GC heap before
{Heap before GC invocations=10 (full 2):
 PSYoungGen      total 235520K, used 9277K [0x00000000e0000000, 0x00000000efc80000, 0x0000000100000000)
  eden space 223232K, 0% used [0x00000000e0000000,0x00000000e0000000,0x00000000eda00000)
  from space 12288K, 75% used [0x00000000ee680000,0x00000000eef8f420,0x00000000ef280000)
  to   space 12800K, 0% used [0x00000000eda00000,0x00000000eda00000,0x00000000ee680000)
 ParOldGen       total 52736K, used 10136K [0x00000000a0000000, 0x00000000a3380000, 0x00000000e0000000)
  object space 52736K, 19% used [0x00000000a0000000,0x00000000a09e6258,0x00000000a3380000)
 Metaspace       used 34537K, capacity 35212K, committed 35416K, reserved 1079296K
  class space    used 4795K, capacity 4986K, committed 4992K, reserved 1048576K
Event: 6.014 GC heap after
Heap after GC invocations=10 (full 2):
 PSYoungGen      total 235520K, used 0K [0x00000000e0000000, 0x00000000efc80000, 0x0000000100000000)
  eden space 223232K, 0% used [0x00000000e0000000,0x00000000e0000000,0x00000000eda00000)
  from space 12288K, 0% used [0x00000000ee680000,0x00000000ee680000,0x00000000ef280000)
  to   space 12800K, 0% used [0x00000000eda00000,0x00000000eda00000,0x00000000ee680000)
 ParOldGen       total 69120K, used 15553K [0x00000000a0000000, 0x00000000a4380000, 0x00000000e0000000)
  object space 69120K, 22% used [0x00000000a0000000,0x00000000a0f30718,0x00000000a4380000)
 Metaspace       used 34537K, capacity 35212K, committed 35416K, reserved 1079296K
  class space    used 4795K, capacity 4986K, committed 4992K, reserved 1048576K
}

Deoptimization events (10 events):
Event: 6.663 Thread 0x000000001923f000 Uncommon trap: reason=bimorphic action=maybe_recompile pc=0x0000000003273fd0 method=java.util.Hashtable.get(Ljava/lang/Object;)Ljava/lang/Object; @ 45
Event: 6.663 Thread 0x000000001923f000 Uncommon trap: reason=bimorphic action=maybe_recompile pc=0x0000000003273fd0 method=java.util.Hashtable.get(Ljava/lang/Object;)Ljava/lang/Object; @ 45
Event: 6.672 Thread 0x000000001923f000 Uncommon trap: reason=unreached action=reinterpret pc=0x000000000360faac method=java.security.CodeSource.getCertificates()[Ljava/security/cert/Certificate; @ 22
Event: 6.675 Thread 0x000000001923f000 Uncommon trap: reason=class_check action=maybe_recompile pc=0x0000000003116364 method=java.util.jar.JarFile.getJarEntry(Ljava/lang/String;)Ljava/util/jar/JarEntry; @ 2
Event: 6.675 Thread 0x000000001923f000 Uncommon trap: reason=class_check action=maybe_recompile pc=0x0000000003116364 method=java.util.jar.JarFile.getJarEntry(Ljava/lang/String;)Ljava/util/jar/JarEntry; @ 2
Event: 6.675 Thread 0x000000001923f000 Uncommon trap: reason=class_check action=maybe_recompile pc=0x0000000003116364 method=java.util.jar.JarFile.getJarEntry(Ljava/lang/String;)Ljava/util/jar/JarEntry; @ 2
Event: 6.678 Thread 0x000000001923f000 Uncommon trap: reason=bimorphic action=maybe_recompile pc=0x0000000003273fd0 method=java.util.Hashtable.get(Ljava/lang/Object;)Ljava/lang/Object; @ 45
Event: 6.678 Thread 0x000000001923f000 Uncommon trap: reason=class_check action=maybe_recompile pc=0x00000000033811d4 method=java.util.Hashtable.addEntry(ILjava/lang/Object;Ljava/lang/Object;I)V @ 38
Event: 6.990 Thread 0x000000001923f000 Uncommon trap: reason=unreached action=reinterpret pc=0x0000000003b9c27c method=java.security.CodeSource.matchCerts(Ljava/security/CodeSource;Z)Z @ 11
Event: 6.990 Thread 0x000000001923f000 Uncommon trap: reason=unreached action=reinterpret pc=0x0000000003bc8a84 method=java.lang.ClassLoader.compareCerts([Ljava/security/cert/Certificate;[Ljava/security/cert/Certificate;)Z @ 1

Internal exceptions (10 events):
Event: 7.337 Thread 0x000000001923f000 Exception <a 'java/security/PrivilegedActionException'> (0x00000000e7514bb0) thrown at [D:\re\workspace\8-2-build-windows-amd64-cygwin\jdk8u25\1677\hotspot\src\share\vm\prims\jvm.cpp, line 1312]
Event: 7.337 Thread 0x000000001923f000 Exception <a 'java/security/PrivilegedActionException'> (0x00000000e7527928) thrown at [D:\re\workspace\8-2-build-windows-amd64-cygwin\jdk8u25\1677\hotspot\src\share\vm\prims\jvm.cpp, line 1312]
Event: 7.337 Thread 0x000000001923f000 Exception <a 'java/security/PrivilegedActionException'> (0x00000000e7536ed8) thrown at [D:\re\workspace\8-2-build-windows-amd64-cygwin\jdk8u25\1677\hotspot\src\share\vm\prims\jvm.cpp, line 1312]
Event: 7.337 Thread 0x000000001923f000 Exception <a 'java/lang/ClassNotFoundException': org/gradle/api/internal/file/collections/DefaultConfigurableFileTreeCustomizer> (0x00000000e7537928) thrown at [D:\re\workspace\8-2-build-windows-amd64-cygwin\jdk8u25\1677\hotspot\src\share\vm\classfile\systì¹#ˆ¥Z@
Event: 7.339 Thread 0x000000001923f000 Exception <a 'java/security/PrivilegedActionException'> (0x00000000e7571920) thrown at [D:\re\workspace\8-2-build-windows-amd64-cygwin\jdk8u25\1677\hotspot\src\share\vm\prims\jvm.cpp, line 1312]
Event: 7.339 Thread 0x000000001923f000 Exception <a 'java/security/PrivilegedActionException'> (0x00000000e7573240) thrown at [D:\re\workspace\8-2-build-windows-amd64-cygwin\jdk8u25\1677\hotspot\src\share\vm\prims\jvm.cpp, line 1312]
Event: 7.339 Thread 0x000000001923f000 Exception <a 'java/security/PrivilegedActionException'> (0x00000000e7578e50) thrown at [D:\re\workspace\8-2-build-windows-amd64-cygwin\jdk8u25\1677\hotspot\src\share\vm\prims\jvm.cpp, line 1312]
Event: 7.339 Thread 0x000000001923f000 Exception <a 'java/security/PrivilegedActionException'> (0x00000000e757a770) thrown at [D:\re\workspace\8-2-build-windows-amd64-cygwin\jdk8u25\1677\hotspot\src\share\vm\prims\jvm.cpp, line 1312]
Event: 7.340 Thread 0x000000001923f000 Exception <a 'java/security/PrivilegedActionException'> (0x00000000e757de08) thrown at [D:\re\workspace\8-2-build-windows-amd64-cygwin\jdk8u25\1677\hotspot\src\share\vm\prims\jvm.cpp, line 1312]
Event: 7.340 Thread 0x000000001923f000 Exception <a 'java/security/PrivilegedActionException'> (0x00000000e757f558) thrown at [D:\re\workspace\8-2-build-windows-amd64-cygwin\jdk8u25\1677\hotspot\src\share\vm\prims\jvm.cpp, line 1312]

Events (10 events):
Event: 7.337 loading class org/gradle/api/internal/file/collections/DefaultConfigurableFileTreeCustomizer
Event: 7.337 loading class org/gradle/api/internal/file/collections/DefaultConfigurableFileTreeCustomizer done
Event: 7.337 loading class org/gradle/api/internal/file/collections/DefaultConfigurableFileTreeCustomizer
Event: 7.337 loading class org/gradle/api/internal/file/collections/DefaultConfigurableFileTreeCustomizer done
Event: 7.338 loading class org/gradle/api/internal/artifacts/dependencies/DefaultSelfResolvingDependency
Event: 7.338 loading class org/gradle/api/internal/artifacts/dependencies/DefaultSelfResolvingDependency done
Event: 7.339 loading class org/gradle/api/internal/artifacts/dependencies/SelfResolvingDependencyInternal
Event: 7.339 loading class org/gradle/api/internal/artifacts/dependencies/SelfResolvingDependencyInternal done
Event: 7.340 loading class org/gradle/api/artifacts/FileCollectionDependency
Event: 7.340 loading class org/gradle/api/artifacts/FileCollectionDependency done


Dynamic libraries:
0x00007ff697230000 - 0x00007ff697264000 	C:\Program Files\Java\jdk1.8.0_25\bin\java.exe
0x00007ffb83130000 - 0x00007ffb8330b000 	C:\WINDOWS\SYSTEM32\ntdll.dll
0x00007ffb82b50000 - 0x00007ffb82bfe000 	C:\WINDOWS\System32\KERNEL32.DLL
0x00007ffb7fc00000 - 0x00007ffb7fe49000 	C:\WINDOWS\System32\KERNELBASE.dll
0x00007ffb81000000 - 0x00007ffb810a1000 	C:\WINDOWS\System32\ADVAPI32.dll
0x00007ffb82c30000 - 0x00007ffb82ccd000 	C:\WINDOWS\System32\msvcrt.dll
0x00007ffb82d30000 - 0x00007ffb82d89000 	C:\WINDOWS\System32\sechost.dll
0x00007ffb80b70000 - 0x00007ffb80c95000 	C:\WINDOWS\System32\RPCRT4.dll
0x00007ffb825c0000 - 0x00007ffb8270a000 	C:\WINDOWS\System32\USER32.dll
0x00007ffb80670000 - 0x00007ffb8068e000 	C:\WINDOWS\System32\win32u.dll
0x00007ffb80950000 - 0x00007ffb80977000 	C:\WINDOWS\System32\GDI32.dll
0x00007ffb7f9d0000 - 0x00007ffb7fb57000 	C:\WINDOWS\System32\gdi32full.dll
0x00007ffb7fb60000 - 0x00007ffb7fbfa000 	C:\WINDOWS\System32\msvcp_win.dll
0x00007ffb7f8d0000 - 0x00007ffb7f9c6000 	C:\WINDOWS\System32\ucrtbase.dll
0x00007ffb6cbe0000 - 0x00007ffb6ce47000 	C:\WINDOWS\WinSxS\amd64_microsoft.windows.common-controls_6595b64144ccf1df_6.0.15063.1058_none_40c74ded29a7bebd\COMCTL32.dll
0x00007ffb82d90000 - 0x00007ffb83089000 	C:\WINDOWS\System32\combase.dll
0x00007ffb7fe50000 - 0x00007ffb7feba000 	C:\WINDOWS\System32\bcryptPrimitives.dll
0x00007ffb82c00000 - 0x00007ffb82c2d000 	C:\WINDOWS\System32\IMM32.DLL
0x0000000077860000 - 0x0000000077932000 	C:\Program Files\Java\jdk1.8.0_25\jre\bin\msvcr100.dll
0x0000000076010000 - 0x000000007686a000 	C:\Program Files\Java\jdk1.8.0_25\jre\bin\server\jvm.dll
0x00007ffb80af0000 - 0x00007ffb80af8000 	C:\WINDOWS\System32\PSAPI.DLL
0x00007ffb72c50000 - 0x00007ffb72c73000 	C:\WINDOWS\SYSTEM32\WINMM.dll
0x00007ffb7c990000 - 0x00007ffb7c999000 	C:\WINDOWS\SYSTEM32\WSOCK32.dll
0x00007ffb72bf0000 - 0x00007ffb72c1b000 	C:\WINDOWS\SYSTEM32\WINMMBASE.dll
0x00007ffb80b00000 - 0x00007ffb80b6c000 	C:\WINDOWS\System32\WS2_32.dll
0x00007ffb7f6b0000 - 0x00007ffb7f6f9000 	C:\WINDOWS\System32\cfgmgr32.dll
0x0000000050000000 - 0x000000005000f000 	C:\Program Files\Java\jdk1.8.0_25\jre\bin\verify.dll
0x0000000077830000 - 0x0000000077858000 	C:\Program Files\Java\jdk1.8.0_25\jre\bin\java.dll
0x0000000077810000 - 0x0000000077826000 	C:\Program Files\Java\jdk1.8.0_25\jre\bin\zip.dll
0x00007ffb810d0000 - 0x00007ffb82508000 	C:\WINDOWS\System32\SHELL32.dll
0x00007ffb82510000 - 0x00007ffb825ba000 	C:\WINDOWS\System32\shcore.dll
0x00007ffb7ff70000 - 0x00007ffb80661000 	C:\WINDOWS\System32\windows.storage.dll
0x00007ffb80710000 - 0x00007ffb80761000 	C:\WINDOWS\System32\shlwapi.dll
0x00007ffb7f5e0000 - 0x00007ffb7f5f1000 	C:\WINDOWS\System32\kernel.appcore.dll
0x00007ffb7f600000 - 0x00007ffb7f64c000 	C:\WINDOWS\System32\powrprof.dll
0x00007ffb7f5a0000 - 0x00007ffb7f5b5000 	C:\WINDOWS\System32\profapi.dll
0x00000000777f0000 - 0x000000007780a000 	C:\Program Files\Java\jdk1.8.0_25\jre\bin\net.dll
0x00007ffb7eeb0000 - 0x00007ffb7ef0c000 	C:\WINDOWS\system32\mswsock.dll
0x00000000777d0000 - 0x00000000777e1000 	C:\Program Files\Java\jdk1.8.0_25\jre\bin\nio.dll
0x00007ffb6c2d0000 - 0x00007ffb6c2ee000 	F:\Android\Cache\.gradle\native\25\windows-amd64\native-platform.dll
0x00000000777c0000 - 0x00000000777cd000 	C:\Program Files\Java\jdk1.8.0_25\jre\bin\management.dll
0x00007ffb7f050000 - 0x00007ffb7f067000 	C:\WINDOWS\SYSTEM32\CRYPTSP.dll
0x00007ffb7ead0000 - 0x00007ffb7eb04000 	C:\WINDOWS\system32\rsaenh.dll
0x00007ffb7f160000 - 0x00007ffb7f185000 	C:\WINDOWS\SYSTEM32\bcrypt.dll
0x00007ffb7f4a0000 - 0x00007ffb7f4c9000 	C:\WINDOWS\SYSTEM32\USERENV.dll
0x00007ffb7f070000 - 0x00007ffb7f07b000 	C:\WINDOWS\SYSTEM32\CRYPTBASE.dll
0x00007ffb7ec50000 - 0x00007ffb7ec87000 	C:\WINDOWS\SYSTEM32\IPHLPAPI.DLL
0x00007ffb80ca0000 - 0x00007ffb80ca8000 	C:\WINDOWS\System32\NSI.dll
0x00007ffb747e0000 - 0x00007ffb747f6000 	C:\WINDOWS\SYSTEM32\dhcpcsvc6.DLL
0x00007ffb746e0000 - 0x00007ffb746fa000 	C:\WINDOWS\SYSTEM32\dhcpcsvc.DLL
0x00007ffb66d20000 - 0x00007ffb66ec9000 	C:\WINDOWS\SYSTEM32\dbghelp.dll

VM Arguments:
jvm_args: -Xmx1536m -Dfile.encoding=GBK -Duser.country=CN -Duser.language=zh -Duser.variant 
java_command: org.gradle.launcher.daemon.bootstrap.GradleDaemon 4.1
java_class_path (initial): F:\Android\Cache\.gradle\wrapper\dists\gradle-4.1-all\bzyivzo6n839fup2jbap0tjew\gradle-4.1\lib\gradle-launcher-4.1.jar
Launcher Type: SUN_STANDARD

Environment Variables:
JAVA_HOME=C:\Program Files\Java\jdk1.8.0_25\
CLASSPATH=F:\AspectJ\aspectj1.9\lib\aspectjrt.jar
PATH=C:\ProgramData\Oracle\Java\javapath;C:\windows\system32;C:\windows;C:\windows\System32\Wbem;C:\windows\System32\WindowsPowerShell\v1.0\;C:\Program Files\Java\jdk1.8.0_25\\bin;C:\Program Files\Java\jdk1.8.0_25\\jre\bin;C:\Program Files (x86)\NVIDIA Corporation\PhysX\Common;C:\Program Files\TortoiseSVN\bin;C:\Program Files (x86)\Subversion\bin;F:\Android\sdk\platform-tools;D:\Python27;D:\Python27\Scripts;C:\WINDOWS\System32;C:\WINDOWS;C:\WINDOWSsystem32WBEM;C:\WINDOWS\system32;C:\WINDOWS;C:\WINDOWS\System32\Wbem;C:\WINDOWS\System32\WindowsPowerShell\v1.0\;C:\Program Files\nodejs\;D:\Groovy-2.5.0\bin;D:\Program Files\Git\cmd;D:\Gradle\gradle-4.8.1-all\gradle-4.8.1\bin;F:\Android\SDk\build-tools\27.0.2;D:\Program Files\CMake\bin;F:\AspectJ\aspectj1.9\bin;d:\Program Files (x86)\010 Editor;C:\Users\hua\AppData\Local\Microsoft\WindowsApps;C:\Users\hua\AppData\Roaming\npm;D:\Gradle\gradle-4.8.1-all\gradle-4.8.1\bin;
USERNAME=hua
OS=Windows_NT
PROCESSOR_IDENTIFIER=Intel64 Family 6 Model 94 Stepping 3, GenuineIntel



---------------  S Y S T E M  ---------------

OS: Windows 8.1 , 64 bit Build 9600 

CPU:total 4 (4 cores per cpu, 1 threads per core) family 6 model 94 stepping 3, cmov, cx8, fxsr, mmx, sse, sse2, sse3, ssse3, sse4.1, sse4.2, popcnt, avx, avx2, aes, clmul, erms, rtm, lzcnt, tsc, tscinvbit, bmi1, bmi2

Memory: 4k page, physical 8266660k(1578632k free), swap 12460964k(3252k free)

vm_info: Java HotSpot(TM) 64-Bit Server VM (25.25-b02) for windows-amd64 JRE (1.8.0_25-b18), built on Oct  7 2014 14:25:37 by "java_re" with MS VC++ 10.0 (VS2010)

time: Sun Dec 16 18:56:59 2018
elapsed time: 7 seconds (0d 0h 0m 7s)

