#
# There is insufficient memory for the Java Runtime Environment to continue.
# Native memory allocation (malloc) failed to allocate 1554656 bytes for Chunk::new
# Possible reasons:
#   The system is out of physical RAM or swap space
#   In 32 bit mode, the process size limit was hit
# Possible solutions:
#   Reduce memory load on the system
#   Increase physical memory or swap space
#   Check if swap backing store is full
#   Use 64 bit Java on a 64 bit OS
#   Decrease Java heap size (-Xmx/-Xms)
#   Decrease number of Java threads
#   Decrease Java thread stack sizes (-Xss)
#   Set larger code cache with -XX:ReservedCodeCacheSize=
# This output file may be truncated or incomplete.
#
#  Out of Memory Error (allocation.cpp:390), pid=11316, tid=13484
#
# JRE version: Java(TM) SE Runtime Environment (8.0_25-b18) (build 1.8.0_25-b18)
# Java VM: Java HotSpot(TM) 64-Bit Server VM (25.25-b02 mixed mode windows-amd64 compressed oops)
# Failed to write core dump. Minidumps are not enabled by default on client versions of Windows
#

---------------  T H R E A D  ---------------

Current thread (0x000000001621e000):  JavaThread "C2 CompilerThread0" daemon [_thread_in_native, id=13484, stack(0x0000000017760000,0x0000000017860000)]

Stack: [0x0000000017760000,0x0000000017860000]
Native frames: (J=compiled Java code, j=interpreted, Vv=VM code, C=native code)
V  [jvm.dll+0x31667a]
V  [jvm.dll+0x267073]
V  [jvm.dll+0x267cb3]
V  [jvm.dll+0x25f5b5]
V  [jvm.dll+0xbf165]
V  [jvm.dll+0xbf60c]
V  [jvm.dll+0x45d672]
V  [jvm.dll+0x49e8ef]
V  [jvm.dll+0x452275]
V  [jvm.dll+0x453864]
V  [jvm.dll+0x437372]
V  [jvm.dll+0x98a02]
V  [jvm.dll+0x991f3]
V  [jvm.dll+0x22bde4]
V  [jvm.dll+0x2852fa]
C  [msvcr100.dll+0x21d9f]
C  [msvcr100.dll+0x21e3b]
C  [KERNEL32.DLL+0x12784]
C  [ntdll.dll+0x70d51]


Current CompileTask:
C2:   8060 6598       4       java.lang.Class::privateGetMethodRecursive (130 bytes)


---------------  P R O C E S S  ---------------

Java Threads: ( => current thread )
  0x000000001c08e000 JavaThread "Cache worker for file content cache (F:\TestPro2\.gradle\4.1\fileContent)" [_thread_blocked, id=11172, stack(0x000000001fdb0000,0x000000001feb0000)]
  0x000000001c08c000 JavaThread "Memory manager" [_thread_blocked, id=5080, stack(0x000000001f4a0000,0x000000001f5a0000)]
  0x000000001c08d800 JavaThread "build operations Thread 4" [_thread_blocked, id=7304, stack(0x000000001f1a0000,0x000000001f2a0000)]
  0x00000000191da800 JavaThread "build operations Thread 3" [_thread_blocked, id=12312, stack(0x000000001f0a0000,0x000000001f1a0000)]
  0x00000000191e1000 JavaThread "build operations Thread 2" [_thread_blocked, id=384, stack(0x000000001efa0000,0x000000001f0a0000)]
  0x00000000191e0800 JavaThread "build operations" [_thread_blocked, id=9132, stack(0x000000001eea0000,0x000000001efa0000)]
  0x00000000191dc000 JavaThread "Cache worker for Artifact transforms cache (F:\Android\Cache\.gradle\caches\transforms-1)" [_thread_blocked, id=10464, stack(0x000000001e4f0000,0x000000001e5f0000)]
  0x00000000191dd800 JavaThread "Cache worker for file hash cache (F:\TestPro2\.gradle\4.1\fileHashes)" [_thread_blocked, id=12752, stack(0x000000001b9a0000,0x000000001baa0000)]
  0x00000000191dc800 JavaThread "File lock request listener" [_thread_in_native, id=1468, stack(0x000000001a6d0000,0x000000001a7d0000)]
  0x0000000018f9a000 JavaThread "Cache worker for file hash cache (F:\Android\Cache\.gradle\caches\4.1\fileHashes)" [_thread_blocked, id=72, stack(0x000000001a5d0000,0x000000001a6d0000)]
  0x0000000018e06000 JavaThread "Stdin handler" [_thread_blocked, id=12980, stack(0x000000001a4d0000,0x000000001a5d0000)]
  0x00000000190c2000 JavaThread "Asynchronous log dispatcher for DefaultDaemonConnection: socket connection from /127.0.0.1:61845 to /127.0.0.1:61846" [_thread_blocked, id=5496, stack(0x000000001a3d0000,0x000000001a4d0000)]
  0x00000000192ae800 JavaThread "Daemon worker" [_thread_in_Java, id=14256, stack(0x000000001a2d0000,0x000000001a3d0000)]
  0x00000000192b4800 JavaThread "Cancel handler" [_thread_blocked, id=1912, stack(0x000000001a1d0000,0x000000001a2d0000)]
  0x000000001916b800 JavaThread "Handler for socket connection from /127.0.0.1:61845 to /127.0.0.1:61846" [_thread_in_native, id=2508, stack(0x0000000019ed0000,0x0000000019fd0000)]
  0x000000001916b000 JavaThread "Daemon" [_thread_blocked, id=12328, stack(0x0000000019dd0000,0x0000000019ed0000)]
  0x00000000190fa800 JavaThread "Daemon periodic checks" [_thread_blocked, id=11276, stack(0x0000000019cd0000,0x0000000019dd0000)]
  0x0000000018bf7800 JavaThread "Incoming local TCP Connector on port 61845" [_thread_in_native, id=1852, stack(0x0000000019b30000,0x0000000019c30000)]
  0x0000000018e8b800 JavaThread "Daemon health stats" [_thread_blocked, id=14180, stack(0x0000000019830000,0x0000000019930000)]
  0x00000000178e0000 JavaThread "Service Thread" daemon [_thread_blocked, id=13112, stack(0x0000000017e60000,0x0000000017f60000)]
  0x0000000017881000 JavaThread "C1 CompilerThread2" daemon [_thread_in_native, id=13716, stack(0x0000000017d60000,0x0000000017e60000)]
  0x000000001626a800 JavaThread "C2 CompilerThread1" daemon [_thread_in_native, id=9576, stack(0x0000000017c60000,0x0000000017d60000)]
=>0x000000001621e000 JavaThread "C2 CompilerThread0" daemon [_thread_in_native, id=13484, stack(0x0000000017760000,0x0000000017860000)]
  0x000000001621c800 JavaThread "Attach Listener" daemon [_thread_blocked, id=11820, stack(0x0000000017660000,0x0000000017760000)]
  0x0000000016207800 JavaThread "Signal Dispatcher" daemon [_thread_blocked, id=10444, stack(0x0000000017560000,0x0000000017660000)]
  0x0000000002896000 JavaThread "Finalizer" daemon [_thread_blocked, id=5820, stack(0x0000000017460000,0x0000000017560000)]
  0x000000000288d000 JavaThread "Reference Handler" daemon [_thread_blocked, id=9776, stack(0x0000000017360000,0x0000000017460000)]
  0x0000000000afd800 JavaThread "main" [_thread_blocked, id=9016, stack(0x00000000026a0000,0x00000000027a0000)]

Other Threads:
  0x00000000161d6800 VMThread [stack: 0x0000000017260000,0x0000000017360000] [id=2356]
  0x00000000178e6000 WatcherThread [stack: 0x0000000017f60000,0x0000000018060000] [id=7260]

VM state:not at safepoint (normal execution)

VM Mutex/Monitor currently owned by a thread: None

Heap:
 PSYoungGen      total 215040K, used 191268K [0x00000000e0000000, 0x00000000f2700000, 0x0000000100000000)
  eden space 202752K, 88% used [0x00000000e0000000,0x00000000eaecbef0,0x00000000ec600000)
  from space 12288K, 99% used [0x00000000ec600000,0x00000000ed1fd160,0x00000000ed200000)
  to   space 15360K, 0% used [0x00000000f1800000,0x00000000f1800000,0x00000000f2700000)
 ParOldGen       total 76288K, used 20661K [0x00000000a0000000, 0x00000000a4a80000, 0x00000000e0000000)
  object space 76288K, 27% used [0x00000000a0000000,0x00000000a142d7d8,0x00000000a4a80000)
 Metaspace       used 51892K, capacity 53614K, committed 53848K, reserved 1095680K
  class space    used 7154K, capacity 7546K, committed 7552K, reserved 1048576K

Card table byte_map: [0x0000000011c60000,0x0000000011f70000] byte_map_base: 0x0000000011760000

Marking Bits: (ParMarkBitMap*) 0x00000000767ed490
 Begin Bits: [0x0000000012570000, 0x0000000013d70000)
 End Bits:   [0x0000000013d70000, 0x0000000015570000)

Polling page: 0x0000000000ae0000

CodeCache: size=245760Kb used=20243Kb max_used=20243Kb free=225516Kb
 bounds [0x00000000028a0000, 0x0000000003c80000, 0x00000000118a0000]
 total_blobs=6923 nmethods=6173 adapters=663
 compilation: enabled

Compilation events (10 events):
Event: 8.040 Thread 0x0000000017881000 6626       3       org.gradle.api.internal.DefaultDomainObjectCollection$IteratorImpl::<init> (15 bytes)
Event: 8.040 Thread 0x0000000017881000 nmethod 6626 0x0000000003c58750 code [0x0000000003c588a0, 0x0000000003c58a70]
Event: 8.040 Thread 0x0000000017881000 6624       1       org.gradle.api.internal.artifacts.configurations.DefaultConfigurationPublications::access$400 (5 bytes)
Event: 8.040 Thread 0x0000000017881000 nmethod 6624 0x0000000003c58b10 code [0x0000000003c58c60, 0x0000000003c58d50]
Event: 8.040 Thread 0x0000000017881000 6627       1       org.gradle.api.internal.artifacts.configurations.DefaultConfigurationPublications::access$300 (5 bytes)
Event: 8.040 Thread 0x0000000017881000 nmethod 6627 0x0000000003c58dd0 code [0x0000000003c58f20, 0x0000000003c59010]
Event: 8.041 Thread 0x0000000017881000 6630       1       org.gradle.internal.graph.CachingDirectedGraphWalker$NodeDetails::access$500 (5 bytes)
Event: 8.041 Thread 0x0000000017881000 nmethod 6630 0x0000000003c59090 code [0x0000000003c591e0, 0x0000000003c592d0]
Event: 8.041 Thread 0x0000000017881000 6631       1       org.gradle.internal.graph.CachingDirectedGraphWalker$NodeDetails::access$200 (5 bytes)
Event: 8.041 Thread 0x0000000017881000 nmethod 6631 0x0000000003c59350 code [0x0000000003c594a0, 0x0000000003c59590]

GC Heap History (10 events):
Event: 3.253 GC heap before
{Heap before GC invocations=7 (full 1):
 PSYoungGen      total 71680K, used 66560K [0x00000000e0000000, 0x00000000e9700000, 0x0000000100000000)
  eden space 66560K, 100% used [0x00000000e0000000,0x00000000e4100000,0x00000000e4100000)
  from space 5120K, 0% used [0x00000000e4100000,0x00000000e4100000,0x00000000e4600000)
  to   space 10752K, 0% used [0x00000000e8c80000,0x00000000e8c80000,0x00000000e9700000)
 ParOldGen       total 52224K, used 6753K [0x00000000a0000000, 0x00000000a3300000, 0x00000000e0000000)
  object space 52224K, 12% used [0x00000000a0000000,0x00000000a06987b0,0x00000000a3300000)
 Metaspace       used 25511K, capacity 26040K, committed 26240K, reserved 1071104K
  class space    used 3552K, capacity 3691K, committed 3712K, reserved 1048576K
Event: 3.259 GC heap after
Heap after GC invocations=7 (full 1):
 PSYoungGen      total 124928K, used 6845K [0x00000000e0000000, 0x00000000e9380000, 0x0000000100000000)
  eden space 117760K, 0% used [0x00000000e0000000,0x00000000e0000000,0x00000000e7300000)
  from space 7168K, 95% used [0x00000000e8c80000,0x00000000e932f6c8,0x00000000e9380000)
  to   space 10240K, 0% used [0x00000000e7f80000,0x00000000e7f80000,0x00000000e8980000)
 ParOldGen       total 52224K, used 6761K [0x00000000a0000000, 0x00000000a3300000, 0x00000000e0000000)
  object space 52224K, 12% used [0x00000000a0000000,0x00000000a069a7b0,0x00000000a3300000)
 Metaspace       used 25511K, capacity 26040K, committed 26240K, reserved 1071104K
  class space    used 3552K, capacity 3691K, committed 3712K, reserved 1048576K
}
Event: 4.626 GC heap before
{Heap before GC invocations=8 (full 1):
 PSYoungGen      total 124928K, used 124605K [0x00000000e0000000, 0x00000000e9380000, 0x0000000100000000)
  eden space 117760K, 100% used [0x00000000e0000000,0x00000000e7300000,0x00000000e7300000)
  from space 7168K, 95% used [0x00000000e8c80000,0x00000000e932f6c8,0x00000000e9380000)
  to   space 10240K, 0% used [0x00000000e7f80000,0x00000000e7f80000,0x00000000e8980000)
 ParOldGen       total 52224K, used 6761K [0x00000000a0000000, 0x00000000a3300000, 0x00000000e0000000)
  object space 52224K, 12% used [0x00000000a0000000,0x00000000a069a7b0,0x00000000a3300000)
 Metaspace       used 31261K, capacity 31750K, committed 32000K, reserved 1077248K
  class space    used 4348K, capacity 4482K, committed 4608K, reserved 1048576K
Event: 4.634 GC heap after
Heap after GC invocations=8 (full 1):
 PSYoungGen      total 140800K, used 10236K [0x00000000e0000000, 0x00000000edd80000, 0x0000000100000000)
  eden space 130560K, 0% used [0x00000000e0000000,0x00000000e0000000,0x00000000e7f80000)
  from space 10240K, 99% used [0x00000000e7f80000,0x00000000e897f1c8,0x00000000e8980000)
  to   space 11776K, 0% used [0x00000000ed200000,0x00000000ed200000,0x00000000edd80000)
 ParOldGen       total 52224K, used 6977K [0x00000000a0000000, 0x00000000a3300000, 0x00000000e0000000)
  object space 52224K, 13% used [0x00000000a0000000,0x00000000a06d0688,0x00000000a3300000)
 Metaspace       used 31261K, capacity 31750K, committed 32000K, reserved 1077248K
  class space    used 4348K, capacity 4482K, committed 4608K, reserved 1048576K
}
Event: 4.905 GC heap before
{Heap before GC invocations=9 (full 1):
 PSYoungGen      total 140800K, used 31956K [0x00000000e0000000, 0x00000000edd80000, 0x0000000100000000)
  eden space 130560K, 16% used [0x00000000e0000000,0x00000000e15361b8,0x00000000e7f80000)
  from space 10240K, 99% used [0x00000000e7f80000,0x00000000e897f1c8,0x00000000e8980000)
  to   space 11776K, 0% used [0x00000000ed200000,0x00000000ed200000,0x00000000edd80000)
 ParOldGen       total 52224K, used 6977K [0x00000000a0000000, 0x00000000a3300000, 0x00000000e0000000)
  object space 52224K, 13% used [0x00000000a0000000,0x00000000a06d0688,0x00000000a3300000)
 Metaspace       used 34556K, capacity 35224K, committed 35416K, reserved 1079296K
  class space    used 4797K, capacity 4988K, committed 4992K, reserved 1048576K
Event: 4.914 GC heap after
Heap after GC invocations=9 (full 1):
 PSYoungGen      total 214528K, used 9387K [0x00000000e0000000, 0x00000000ef300000, 0x0000000100000000)
  eden space 202752K, 0% used [0x00000000e0000000,0x00000000e0000000,0x00000000ec600000)
  from space 11776K, 79% used [0x00000000ed200000,0x00000000edb2ac68,0x00000000edd80000)
  to   space 12288K, 0% used [0x00000000ec600000,0x00000000ec600000,0x00000000ed200000)
 ParOldGen       total 52224K, used 6985K [0x00000000a0000000, 0x00000000a3300000, 0x00000000e0000000)
  object space 52224K, 13% used [0x00000000a0000000,0x00000000a06d2688,0x00000000a3300000)
 Metaspace       used 34556K, capacity 35224K, committed 35416K, reserved 1079296K
  class space    used 4797K, capacity 4988K, committed 4992K, reserved 1048576K
}
Event: 4.914 GC heap before
{Heap before GC invocations=10 (full 2):
 PSYoungGen      total 214528K, used 9387K [0x00000000e0000000, 0x00000000ef300000, 0x0000000100000000)
  eden space 202752K, 0% used [0x00000000e0000000,0x00000000e0000000,0x00000000ec600000)
  from space 11776K, 79% used [0x00000000ed200000,0x00000000edb2ac68,0x00000000edd80000)
  to   space 12288K, 0% used [0x00000000ec600000,0x00000000ec600000,0x00000000ed200000)
 ParOldGen       total 52224K, used 6985K [0x00000000a0000000, 0x00000000a3300000, 0x00000000e0000000)
  object space 52224K, 13% used [0x00000000a0000000,0x00000000a06d2688,0x00000000a3300000)
 Metaspace       used 34556K, capacity 35224K, committed 35416K, reserved 1079296K
  class space    used 4797K, capacity 4988K, committed 4992K, reserved 1048576K
Event: 4.991 GC heap after
Heap after GC invocations=10 (full 2):
 PSYoungGen      total 214528K, used 0K [0x00000000e0000000, 0x00000000ef300000, 0x0000000100000000)
  eden space 202752K, 0% used [0x00000000e0000000,0x00000000e0000000,0x00000000ec600000)
  from space 11776K, 0% used [0x00000000ed200000,0x00000000ed200000,0x00000000edd80000)
  to   space 12288K, 0% used [0x00000000ec600000,0x00000000ec600000,0x00000000ed200000)
 ParOldGen       total 76288K, used 15799K [0x00000000a0000000, 0x00000000a4a80000, 0x00000000e0000000)
  object space 76288K, 20% used [0x00000000a0000000,0x00000000a0f6dec8,0x00000000a4a80000)
 Metaspace       used 34556K, capacity 35224K, committed 35416K, reserved 1079296K
  class space    used 4797K, capacity 4988K, committed 4992K, reserved 1048576K
}
Event: 6.633 GC heap before
{Heap before GC invocations=11 (full 2):
 PSYoungGen      total 214528K, used 202752K [0x00000000e0000000, 0x00000000ef300000, 0x0000000100000000)
  eden space 202752K, 100% used [0x00000000e0000000,0x00000000ec600000,0x00000000ec600000)
  from space 11776K, 0% used [0x00000000ed200000,0x00000000ed200000,0x00000000edd80000)
  to   space 12288K, 0% used [0x00000000ec600000,0x00000000ec600000,0x00000000ed200000)
 ParOldGen       total 76288K, used 15799K [0x00000000a0000000, 0x00000000a4a80000, 0x00000000e0000000)
  object space 76288K, 20% used [0x00000000a0000000,0x00000000a0f6dec8,0x00000000a4a80000)
 Metaspace       used 46460K, capacity 47430K, committed 47576K, reserved 1089536K
  class space    used 6335K, capacity 6634K, committed 6656K, reserved 1048576K
Event: 6.654 GC heap after
Heap after GC invocations=11 (full 2):
 PSYoungGen      total 215040K, used 12276K [0x00000000e0000000, 0x00000000f2700000, 0x0000000100000000)
  eden space 202752K, 0% used [0x00000000e0000000,0x00000000e0000000,0x00000000ec600000)
  from space 12288K, 99% used [0x00000000ec600000,0x00000000ed1fd160,0x00000000ed200000)
  to   space 15360K, 0% used [0x00000000f1800000,0x00000000f1800000,0x00000000f2700000)
 ParOldGen       total 76288K, used 20661K [0x00000000a0000000, 0x00000000a4a80000, 0x00000000e0000000)
  object space 76288K, 27% used [0x00000000a0000000,0x00000000a142d7d8,0x00000000a4a80000)
 Metaspace       used 46460K, capacity 47430K, committed 47576K, reserved 1089536K
  class space    used 6335K, capacity 6634K, committed 6656K, reserved 1048576K
}

Deoptimization events (10 events):
Event: 6.233 Thread 0x00000000192ae800 Uncommon trap: reason=unloaded action=reinterpret pc=0x00000000036d419c method=java.lang.Integer.parseInt(Ljava/lang/String;I)I @ 201
Event: 6.435 Thread 0x00000000192ae800 Uncommon trap: reason=null_check action=make_not_entrant pc=0x0000000003861098 method=com.sun.xml.internal.bind.v2.runtime.Coordinator.pushCoordinator()V @ 7
Event: 6.655 Thread 0x0000000002896000 Uncommon trap: reason=unreached action=reinterpret pc=0x0000000002cec6fc method=java.util.WeakHashMap.expungeStaleEntries()V @ 9
Event: 7.345 Thread 0x00000000192ae800 Uncommon trap: reason=unreached action=reinterpret pc=0x0000000003a1a4ec method=java.util.regex.Pattern.compile()V @ 320
Event: 8.037 Thread 0x00000000192ae800 Uncommon trap: reason=class_check action=maybe_recompile pc=0x0000000003c37eec method=com.google.common.collect.AbstractMapBasedMultimap.put(Ljava/lang/Object;Ljava/lang/Object;)Z @ 10
Event: 8.039 Thread 0x00000000192ae800 Uncommon trap: reason=class_check action=maybe_recompile pc=0x0000000003c37eec method=com.google.common.collect.AbstractMapBasedMultimap.put(Ljava/lang/Object;Ljava/lang/Object;)Z @ 10
Event: 8.039 Thread 0x00000000192ae800 Uncommon trap: reason=class_check action=maybe_recompile pc=0x00000000035b9bb0 method=com.google.common.collect.AbstractMapBasedMultimap$WrappedCollection.refreshIfEmpty()V @ 59
Event: 8.039 Thread 0x00000000192ae800 Uncommon trap: reason=class_check action=maybe_recompile pc=0x00000000035b9bb0 method=com.google.common.collect.AbstractMapBasedMultimap$WrappedCollection.refreshIfEmpty()V @ 59
Event: 8.039 Thread 0x00000000192ae800 Uncommon trap: reason=class_check action=maybe_recompile pc=0x00000000035b9bb0 method=com.google.common.collect.AbstractMapBasedMultimap$WrappedCollection.refreshIfEmpty()V @ 59
Event: 8.039 Thread 0x00000000192ae800 Uncommon trap: reason=class_check action=maybe_recompile pc=0x00000000035b9bb0 method=com.google.common.collect.AbstractMapBasedMultimap$WrappedCollection.refreshIfEmpty()V @ 59

Internal exceptions (10 events):
Event: 8.040 Thread 0x00000000192ae800 Exception <a 'java/security/PrivilegedActionException'> (0x00000000eaa1a960) thrown at [D:\re\workspace\8-2-build-windows-amd64-cygwin\jdk8u25\1677\hotspot\src\share\vm\prims\jvm.cpp, line 1312]
Event: 8.040 Thread 0x00000000192ae800 Exception <a 'java/security/PrivilegedActionException'> (0x00000000eaa1fa08) thrown at [D:\re\workspace\8-2-build-windows-amd64-cygwin\jdk8u25\1677\hotspot\src\share\vm\prims\jvm.cpp, line 1312]
Event: 8.040 Thread 0x00000000192ae800 Exception <a 'java/security/PrivilegedActionException'> (0x00000000eaa21150) thrown at [D:\re\workspace\8-2-build-windows-amd64-cygwin\jdk8u25\1677\hotspot\src\share\vm\prims\jvm.cpp, line 1312]
Event: 8.040 Thread 0x00000000192ae800 Exception <a 'java/security/PrivilegedActionException'> (0x00000000eaa300c8) thrown at [D:\re\workspace\8-2-build-windows-amd64-cygwin\jdk8u25\1677\hotspot\src\share\vm\prims\jvm.cpp, line 1312]
Event: 8.040 Thread 0x00000000192ae800 Exception <a 'java/security/PrivilegedActionException'> (0x00000000eaa35dc0) thrown at [D:\re\workspace\8-2-build-windows-amd64-cygwin\jdk8u25\1677\hotspot\src\share\vm\prims\jvm.cpp, line 1312]
Event: 8.040 Thread 0x00000000192ae800 Exception <a 'java/security/PrivilegedActionException'> (0x00000000eaa37208) thrown at [D:\re\workspace\8-2-build-windows-amd64-cygwin\jdk8u25\1677\hotspot\src\share\vm\prims\jvm.cpp, line 1312]
Event: 8.040 Thread 0x00000000192ae800 Exception <a 'java/security/PrivilegedActionException'> (0x00000000eaa41f58) thrown at [D:\re\workspace\8-2-build-windows-amd64-cygwin\jdk8u25\1677\hotspot\src\share\vm\prims\jvm.cpp, line 1312]
Event: 8.041 Thread 0x00000000192ae800 Exception <a 'java/security/PrivilegedActionException'> (0x00000000eaa49728) thrown at [D:\re\workspace\8-2-build-windows-amd64-cygwin\jdk8u25\1677\hotspot\src\share\vm\prims\jvm.cpp, line 1312]
Event: 8.041 Thread 0x00000000192ae800 Exception <a 'java/security/PrivilegedActionException'> (0x00000000eaa4ab08) thrown at [D:\re\workspace\8-2-build-windows-amd64-cygwin\jdk8u25\1677\hotspot\src\share\vm\prims\jvm.cpp, line 1312]
Event: 8.041 Thread 0x00000000192ae800 Exception <a 'java/security/PrivilegedActionException'> (0x00000000eaa54f58) thrown at [D:\re\workspace\8-2-build-windows-amd64-cygwin\jdk8u25\1677\hotspot\src\share\vm\prims\jvm.cpp, line 1312]

Events (10 events):
Event: 8.039 Thread 0x00000000192ae800 DEOPT PACKING pc=0x00000000035b9bb0 sp=0x000000001a3cc6a0
Event: 8.039 Thread 0x00000000192ae800 DEOPT UNPACKING pc=0x00000000028e556a sp=0x000000001a3cc650 mode 2
Event: 8.039 loading class org/gradle/api/internal/artifacts/ivyservice/resolveengine/artifact/DefaultVisitedArtifactResults$NoArtifactResults
Event: 8.039 loading class org/gradle/api/internal/artifacts/ivyservice/resolveengine/artifact/DefaultVisitedArtifactResults$NoArtifactResults done
Event: 8.040 loading class org/gradle/api/internal/artifacts/ivyservice/resolveengine/artifact/BuildDependenciesOnlyVisitedArtifactSet$BuildDependenciesOnlySelectedArtifactSet
Event: 8.040 loading class org/gradle/api/internal/artifacts/ivyservice/resolveengine/artifact/BuildDependenciesOnlyVisitedArtifactSet$BuildDependenciesOnlySelectedArtifactSet done
Event: 8.040 loading class org/gradle/api/internal/artifacts/configurations/DefaultConfiguration$ConfigurationTaskDependency$1
Event: 8.040 loading class org/gradle/api/internal/artifacts/configurations/DefaultConfiguration$ConfigurationTaskDependency$1 done
Event: 8.041 loading class org/gradle/api/internal/artifacts/ivyservice/resolveengine/artifact/FileDependencyArtifactSet
Event: 8.041 loading class org/gradle/api/internal/artifacts/ivyservice/resolveengine/artifact/FileDependencyArtifactSet done


Dynamic libraries:
0x00007ff697230000 - 0x00007ff697264000 	C:\Program Files\Java\jdk1.8.0_25\bin\java.exe
0x00007ffb83130000 - 0x00007ffb8330b000 	C:\WINDOWS\SYSTEM32\ntdll.dll
0x00007ffb82b50000 - 0x00007ffb82bfe000 	C:\WINDOWS\System32\KERNEL32.DLL
0x00007ffb7fc00000 - 0x00007ffb7fe49000 	C:\WINDOWS\System32\KERNELBASE.dll
0x00007ffb81000000 - 0x00007ffb810a1000 	C:\WINDOWS\System32\ADVAPI32.dll
0x00007ffb82c30000 - 0x00007ffb82ccd000 	C:\WINDOWS\System32\msvcrt.dll
0x00007ffb82d30000 - 0x00007ffb82d89000 	C:\WINDOWS\System32\sechost.dll
0x00007ffb80b70000 - 0x00007ffb80c95000 	C:\WINDOWS\System32\RPCRT4.dll
0x00007ffb825c0000 - 0x00007ffb8270a000 	C:\WINDOWS\System32\USER32.dll
0x00007ffb80670000 - 0x00007ffb8068e000 	C:\WINDOWS\System32\win32u.dll
0x00007ffb80950000 - 0x00007ffb80977000 	C:\WINDOWS\System32\GDI32.dll
0x00007ffb7f9d0000 - 0x00007ffb7fb57000 	C:\WINDOWS\System32\gdi32full.dll
0x00007ffb7fb60000 - 0x00007ffb7fbfa000 	C:\WINDOWS\System32\msvcp_win.dll
0x00007ffb7f8d0000 - 0x00007ffb7f9c6000 	C:\WINDOWS\System32\ucrtbase.dll
0x00007ffb6cbe0000 - 0x00007ffb6ce47000 	C:\WINDOWS\WinSxS\amd64_microsoft.windows.common-controls_6595b64144ccf1df_6.0.15063.1058_none_40c74ded29a7bebd\COMCTL32.dll
0x00007ffb82d90000 - 0x00007ffb83089000 	C:\WINDOWS\System32\combase.dll
0x00007ffb7fe50000 - 0x00007ffb7feba000 	C:\WINDOWS\System32\bcryptPrimitives.dll
0x00007ffb82c00000 - 0x00007ffb82c2d000 	C:\WINDOWS\System32\IMM32.DLL
0x0000000077860000 - 0x0000000077932000 	C:\Program Files\Java\jdk1.8.0_25\jre\bin\msvcr100.dll
0x0000000076010000 - 0x000000007686a000 	C:\Program Files\Java\jdk1.8.0_25\jre\bin\server\jvm.dll
0x00007ffb80af0000 - 0x00007ffb80af8000 	C:\WINDOWS\System32\PSAPI.DLL
0x00007ffb72c50000 - 0x00007ffb72c73000 	C:\WINDOWS\SYSTEM32\WINMM.dll
0x00007ffb72bf0000 - 0x00007ffb72c1b000 	C:\WINDOWS\SYSTEM32\WINMMBASE.dll
0x00007ffb7f6b0000 - 0x00007ffb7f6f9000 	C:\WINDOWS\System32\cfgmgr32.dll
0x00007ffb7c990000 - 0x00007ffb7c999000 	C:\WINDOWS\SYSTEM32\WSOCK32.dll
0x00007ffb80b00000 - 0x00007ffb80b6c000 	C:\WINDOWS\System32\WS2_32.dll
0x0000000050000000 - 0x000000005000f000 	C:\Program Files\Java\jdk1.8.0_25\jre\bin\verify.dll
0x0000000077830000 - 0x0000000077858000 	C:\Program Files\Java\jdk1.8.0_25\jre\bin\java.dll
0x0000000077810000 - 0x0000000077826000 	C:\Program Files\Java\jdk1.8.0_25\jre\bin\zip.dll
0x00007ffb810d0000 - 0x00007ffb82508000 	C:\WINDOWS\System32\SHELL32.dll
0x00007ffb82510000 - 0x00007ffb825ba000 	C:\WINDOWS\System32\shcore.dll
0x00007ffb7ff70000 - 0x00007ffb80661000 	C:\WINDOWS\System32\windows.storage.dll
0x00007ffb80710000 - 0x00007ffb80761000 	C:\WINDOWS\System32\shlwapi.dll
0x00007ffb7f5e0000 - 0x00007ffb7f5f1000 	C:\WINDOWS\System32\kernel.appcore.dll
0x00007ffb7f600000 - 0x00007ffb7f64c000 	C:\WINDOWS\System32\powrprof.dll
0x00007ffb7f5a0000 - 0x00007ffb7f5b5000 	C:\WINDOWS\System32\profapi.dll
0x00000000777f0000 - 0x000000007780a000 	C:\Program Files\Java\jdk1.8.0_25\jre\bin\net.dll
0x00007ffb7eeb0000 - 0x00007ffb7ef0c000 	C:\WINDOWS\system32\mswsock.dll
0x00000000777d0000 - 0x00000000777e1000 	C:\Program Files\Java\jdk1.8.0_25\jre\bin\nio.dll
0x00007ffb6c2d0000 - 0x00007ffb6c2ee000 	F:\Android\Cache\.gradle\native\25\windows-amd64\native-platform.dll
0x00000000777c0000 - 0x00000000777cd000 	C:\Program Files\Java\jdk1.8.0_25\jre\bin\management.dll
0x00007ffb7f050000 - 0x00007ffb7f067000 	C:\WINDOWS\SYSTEM32\CRYPTSP.dll
0x00007ffb7ead0000 - 0x00007ffb7eb04000 	C:\WINDOWS\system32\rsaenh.dll
0x00007ffb7f160000 - 0x00007ffb7f185000 	C:\WINDOWS\SYSTEM32\bcrypt.dll
0x00007ffb7f4a0000 - 0x00007ffb7f4c9000 	C:\WINDOWS\SYSTEM32\USERENV.dll
0x00007ffb7f070000 - 0x00007ffb7f07b000 	C:\WINDOWS\SYSTEM32\CRYPTBASE.dll
0x00007ffb7ec50000 - 0x00007ffb7ec87000 	C:\WINDOWS\SYSTEM32\IPHLPAPI.DLL
0x00007ffb80ca0000 - 0x00007ffb80ca8000 	C:\WINDOWS\System32\NSI.dll
0x00007ffb747e0000 - 0x00007ffb747f6000 	C:\WINDOWS\SYSTEM32\dhcpcsvc6.DLL
0x00007ffb746e0000 - 0x00007ffb746fa000 	C:\WINDOWS\SYSTEM32\dhcpcsvc.DLL
0x00007ffb66d20000 - 0x00007ffb66ec9000 	C:\WINDOWS\SYSTEM32\dbghelp.dll

VM Arguments:
jvm_args: -Xmx1536m -Dfile.encoding=GBK -Duser.country=CN -Duser.language=zh -Duser.variant 
java_command: org.gradle.launcher.daemon.bootstrap.GradleDaemon 4.1
java_class_path (initial): F:\Android\Cache\.gradle\wrapper\dists\gradle-4.1-all\bzyivzo6n839fup2jbap0tjew\gradle-4.1\lib\gradle-launcher-4.1.jar
Launcher Type: SUN_STANDARD

Environment Variables:
JAVA_HOME=C:\Program Files\Java\jdk1.8.0_25\
CLASSPATH=F:\AspectJ\aspectj1.9\lib\aspectjrt.jar
PATH=C:\ProgramData\Oracle\Java\javapath;C:\windows\system32;C:\windows;C:\windows\System32\Wbem;C:\windows\System32\WindowsPowerShell\v1.0\;C:\Program Files\Java\jdk1.8.0_25\\bin;C:\Program Files\Java\jdk1.8.0_25\\jre\bin;C:\Program Files (x86)\NVIDIA Corporation\PhysX\Common;C:\Program Files\TortoiseSVN\bin;C:\Program Files (x86)\Subversion\bin;F:\Android\sdk\platform-tools;D:\Python27;D:\Python27\Scripts;C:\WINDOWS\System32;C:\WINDOWS;C:\WINDOWSsystem32WBEM;C:\WINDOWS\system32;C:\WINDOWS;C:\WINDOWS\System32\Wbem;C:\WINDOWS\System32\WindowsPowerShell\v1.0\;C:\Program Files\nodejs\;D:\Groovy-2.5.0\bin;D:\Program Files\Git\cmd;D:\Gradle\gradle-4.8.1-all\gradle-4.8.1\bin;F:\Android\SDk\build-tools\27.0.2;D:\Program Files\CMake\bin;F:\AspectJ\aspectj1.9\bin;d:\Program Files (x86)\010 Editor;C:\Users\hua\AppData\Local\Microsoft\WindowsApps;C:\Users\hua\AppData\Roaming\npm;D:\Gradle\gradle-4.8.1-all\gradle-4.8.1\bin;
USERNAME=hua
OS=Windows_NT
PROCESSOR_IDENTIFIER=Intel64 Family 6 Model 94 Stepping 3, GenuineIntel



---------------  S Y S T E M  ---------------

OS: Windows 8.1 , 64 bit Build 9600 

CPU:total 4 (4 cores per cpu, 1 threads per core) family 6 model 94 stepping 3, cmov, cx8, fxsr, mmx, sse, sse2, sse3, ssse3, sse4.1, sse4.2, popcnt, avx, avx2, aes, clmul, erms, rtm, lzcnt, tsc, tscinvbit, bmi1, bmi2

Memory: 4k page, physical 8266660k(1902600k free), swap 12460964k(5120k free)

vm_info: Java HotSpot(TM) 64-Bit Server VM (25.25-b02) for windows-amd64 JRE (1.8.0_25-b18), built on Oct  7 2014 14:25:37 by "java_re" with MS VC++ 10.0 (VS2010)

time: Sun Dec 16 19:01:54 2018
elapsed time: 8 seconds (0d 0h 0m 8s)

